ARM GAS  /tmp/ccf0eNpi.s 			page 1


   1              		.cpu cortex-m4
   2              		.eabi_attribute 27, 1
   3              		.eabi_attribute 28, 1
   4              		.eabi_attribute 20, 1
   5              		.eabi_attribute 21, 1
   6              		.eabi_attribute 23, 3
   7              		.eabi_attribute 24, 1
   8              		.eabi_attribute 25, 1
   9              		.eabi_attribute 26, 1
  10              		.eabi_attribute 30, 1
  11              		.eabi_attribute 34, 1
  12              		.eabi_attribute 18, 4
  13              		.file	"stm32f4xx_hal_msp.c"
  14              		.text
  15              	.Ltext0:
  16              		.cfi_sections	.debug_frame
  17              		.section	.text.HAL_FSMC_MspInit,"ax",%progbits
  18              		.align	1
  19              		.syntax unified
  20              		.thumb
  21              		.thumb_func
  22              		.fpu fpv4-sp-d16
  24              	HAL_FSMC_MspInit:
  25              	.LFB139:
  26              		.file 1 "Core/Src/stm32f4xx_hal_msp.c"
   1:Core/Src/stm32f4xx_hal_msp.c **** /* USER CODE BEGIN Header */
   2:Core/Src/stm32f4xx_hal_msp.c **** /**
   3:Core/Src/stm32f4xx_hal_msp.c ****   ******************************************************************************
   4:Core/Src/stm32f4xx_hal_msp.c ****   * File Name          : stm32f4xx_hal_msp.c
   5:Core/Src/stm32f4xx_hal_msp.c ****   * Description        : This file provides code for the MSP Initialization
   6:Core/Src/stm32f4xx_hal_msp.c ****   *                      and de-Initialization codes.
   7:Core/Src/stm32f4xx_hal_msp.c ****   ******************************************************************************
   8:Core/Src/stm32f4xx_hal_msp.c ****   * @attention
   9:Core/Src/stm32f4xx_hal_msp.c ****   *
  10:Core/Src/stm32f4xx_hal_msp.c ****   * <h2><center>&copy; Copyright (c) 2021 STMicroelectronics.
  11:Core/Src/stm32f4xx_hal_msp.c ****   * All rights reserved.</center></h2>
  12:Core/Src/stm32f4xx_hal_msp.c ****   *
  13:Core/Src/stm32f4xx_hal_msp.c ****   * This software component is licensed by ST under BSD 3-Clause license,
  14:Core/Src/stm32f4xx_hal_msp.c ****   * the "License"; You may not use this file except in compliance with the
  15:Core/Src/stm32f4xx_hal_msp.c ****   * License. You may obtain a copy of the License at:
  16:Core/Src/stm32f4xx_hal_msp.c ****   *                        opensource.org/licenses/BSD-3-Clause
  17:Core/Src/stm32f4xx_hal_msp.c ****   *
  18:Core/Src/stm32f4xx_hal_msp.c ****   ******************************************************************************
  19:Core/Src/stm32f4xx_hal_msp.c ****   */
  20:Core/Src/stm32f4xx_hal_msp.c **** /* USER CODE END Header */
  21:Core/Src/stm32f4xx_hal_msp.c **** 
  22:Core/Src/stm32f4xx_hal_msp.c **** /* Includes ------------------------------------------------------------------*/
  23:Core/Src/stm32f4xx_hal_msp.c **** #include "main.h"
  24:Core/Src/stm32f4xx_hal_msp.c **** /* USER CODE BEGIN Includes */
  25:Core/Src/stm32f4xx_hal_msp.c **** 
  26:Core/Src/stm32f4xx_hal_msp.c **** /* USER CODE END Includes */
  27:Core/Src/stm32f4xx_hal_msp.c **** extern DMA_HandleTypeDef hdma_adc1;
  28:Core/Src/stm32f4xx_hal_msp.c **** 
  29:Core/Src/stm32f4xx_hal_msp.c **** extern DMA_HandleTypeDef hdma_usart1_rx;
  30:Core/Src/stm32f4xx_hal_msp.c **** 
  31:Core/Src/stm32f4xx_hal_msp.c **** extern DMA_HandleTypeDef hdma_usart1_tx;
  32:Core/Src/stm32f4xx_hal_msp.c **** 
ARM GAS  /tmp/ccf0eNpi.s 			page 2


  33:Core/Src/stm32f4xx_hal_msp.c **** /* Private typedef -----------------------------------------------------------*/
  34:Core/Src/stm32f4xx_hal_msp.c **** /* USER CODE BEGIN TD */
  35:Core/Src/stm32f4xx_hal_msp.c **** 
  36:Core/Src/stm32f4xx_hal_msp.c **** /* USER CODE END TD */
  37:Core/Src/stm32f4xx_hal_msp.c **** 
  38:Core/Src/stm32f4xx_hal_msp.c **** /* Private define ------------------------------------------------------------*/
  39:Core/Src/stm32f4xx_hal_msp.c **** /* USER CODE BEGIN Define */
  40:Core/Src/stm32f4xx_hal_msp.c **** 
  41:Core/Src/stm32f4xx_hal_msp.c **** /* USER CODE END Define */
  42:Core/Src/stm32f4xx_hal_msp.c **** 
  43:Core/Src/stm32f4xx_hal_msp.c **** /* Private macro -------------------------------------------------------------*/
  44:Core/Src/stm32f4xx_hal_msp.c **** /* USER CODE BEGIN Macro */
  45:Core/Src/stm32f4xx_hal_msp.c **** 
  46:Core/Src/stm32f4xx_hal_msp.c **** /* USER CODE END Macro */
  47:Core/Src/stm32f4xx_hal_msp.c **** 
  48:Core/Src/stm32f4xx_hal_msp.c **** /* Private variables ---------------------------------------------------------*/
  49:Core/Src/stm32f4xx_hal_msp.c **** /* USER CODE BEGIN PV */
  50:Core/Src/stm32f4xx_hal_msp.c **** 
  51:Core/Src/stm32f4xx_hal_msp.c **** /* USER CODE END PV */
  52:Core/Src/stm32f4xx_hal_msp.c **** 
  53:Core/Src/stm32f4xx_hal_msp.c **** /* Private function prototypes -----------------------------------------------*/
  54:Core/Src/stm32f4xx_hal_msp.c **** /* USER CODE BEGIN PFP */
  55:Core/Src/stm32f4xx_hal_msp.c **** 
  56:Core/Src/stm32f4xx_hal_msp.c **** /* USER CODE END PFP */
  57:Core/Src/stm32f4xx_hal_msp.c **** 
  58:Core/Src/stm32f4xx_hal_msp.c **** /* External functions --------------------------------------------------------*/
  59:Core/Src/stm32f4xx_hal_msp.c **** /* USER CODE BEGIN ExternalFunctions */
  60:Core/Src/stm32f4xx_hal_msp.c **** 
  61:Core/Src/stm32f4xx_hal_msp.c **** /* USER CODE END ExternalFunctions */
  62:Core/Src/stm32f4xx_hal_msp.c **** 
  63:Core/Src/stm32f4xx_hal_msp.c **** /* USER CODE BEGIN 0 */
  64:Core/Src/stm32f4xx_hal_msp.c **** 
  65:Core/Src/stm32f4xx_hal_msp.c **** /* USER CODE END 0 */
  66:Core/Src/stm32f4xx_hal_msp.c **** /**
  67:Core/Src/stm32f4xx_hal_msp.c ****   * Initializes the Global MSP.
  68:Core/Src/stm32f4xx_hal_msp.c ****   */
  69:Core/Src/stm32f4xx_hal_msp.c **** void HAL_MspInit(void)
  70:Core/Src/stm32f4xx_hal_msp.c **** {
  71:Core/Src/stm32f4xx_hal_msp.c ****   /* USER CODE BEGIN MspInit 0 */
  72:Core/Src/stm32f4xx_hal_msp.c **** 
  73:Core/Src/stm32f4xx_hal_msp.c ****   /* USER CODE END MspInit 0 */
  74:Core/Src/stm32f4xx_hal_msp.c **** 
  75:Core/Src/stm32f4xx_hal_msp.c ****   __HAL_RCC_SYSCFG_CLK_ENABLE();
  76:Core/Src/stm32f4xx_hal_msp.c ****   __HAL_RCC_PWR_CLK_ENABLE();
  77:Core/Src/stm32f4xx_hal_msp.c **** 
  78:Core/Src/stm32f4xx_hal_msp.c ****   /* System interrupt init*/
  79:Core/Src/stm32f4xx_hal_msp.c **** 
  80:Core/Src/stm32f4xx_hal_msp.c ****   /* USER CODE BEGIN MspInit 1 */
  81:Core/Src/stm32f4xx_hal_msp.c **** 
  82:Core/Src/stm32f4xx_hal_msp.c ****   /* USER CODE END MspInit 1 */
  83:Core/Src/stm32f4xx_hal_msp.c **** }
  84:Core/Src/stm32f4xx_hal_msp.c **** 
  85:Core/Src/stm32f4xx_hal_msp.c **** /**
  86:Core/Src/stm32f4xx_hal_msp.c **** * @brief ADC MSP Initialization
  87:Core/Src/stm32f4xx_hal_msp.c **** * This function configures the hardware resources used in this example
  88:Core/Src/stm32f4xx_hal_msp.c **** * @param hadc: ADC handle pointer
  89:Core/Src/stm32f4xx_hal_msp.c **** * @retval None
ARM GAS  /tmp/ccf0eNpi.s 			page 3


  90:Core/Src/stm32f4xx_hal_msp.c **** */
  91:Core/Src/stm32f4xx_hal_msp.c **** void HAL_ADC_MspInit(ADC_HandleTypeDef* hadc)
  92:Core/Src/stm32f4xx_hal_msp.c **** {
  93:Core/Src/stm32f4xx_hal_msp.c ****   GPIO_InitTypeDef GPIO_InitStruct = {0};
  94:Core/Src/stm32f4xx_hal_msp.c ****   if(hadc->Instance==ADC1)
  95:Core/Src/stm32f4xx_hal_msp.c ****   {
  96:Core/Src/stm32f4xx_hal_msp.c ****   /* USER CODE BEGIN ADC1_MspInit 0 */
  97:Core/Src/stm32f4xx_hal_msp.c **** 
  98:Core/Src/stm32f4xx_hal_msp.c ****   /* USER CODE END ADC1_MspInit 0 */
  99:Core/Src/stm32f4xx_hal_msp.c ****     /* Peripheral clock enable */
 100:Core/Src/stm32f4xx_hal_msp.c ****     __HAL_RCC_ADC1_CLK_ENABLE();
 101:Core/Src/stm32f4xx_hal_msp.c **** 
 102:Core/Src/stm32f4xx_hal_msp.c ****     __HAL_RCC_GPIOA_CLK_ENABLE();
 103:Core/Src/stm32f4xx_hal_msp.c ****     /**ADC1 GPIO Configuration
 104:Core/Src/stm32f4xx_hal_msp.c ****     PA0     ------> ADC1_IN0
 105:Core/Src/stm32f4xx_hal_msp.c ****     PA1     ------> ADC1_IN1
 106:Core/Src/stm32f4xx_hal_msp.c ****     */
 107:Core/Src/stm32f4xx_hal_msp.c ****     GPIO_InitStruct.Pin = GPIO_PIN_0|GPIO_PIN_1;
 108:Core/Src/stm32f4xx_hal_msp.c ****     GPIO_InitStruct.Mode = GPIO_MODE_ANALOG;
 109:Core/Src/stm32f4xx_hal_msp.c ****     GPIO_InitStruct.Pull = GPIO_NOPULL;
 110:Core/Src/stm32f4xx_hal_msp.c ****     HAL_GPIO_Init(GPIOA, &GPIO_InitStruct);
 111:Core/Src/stm32f4xx_hal_msp.c **** 
 112:Core/Src/stm32f4xx_hal_msp.c ****     /* ADC1 DMA Init */
 113:Core/Src/stm32f4xx_hal_msp.c ****     /* ADC1 Init */
 114:Core/Src/stm32f4xx_hal_msp.c ****     hdma_adc1.Instance = DMA2_Stream0;
 115:Core/Src/stm32f4xx_hal_msp.c ****     hdma_adc1.Init.Channel = DMA_CHANNEL_0;
 116:Core/Src/stm32f4xx_hal_msp.c ****     hdma_adc1.Init.Direction = DMA_PERIPH_TO_MEMORY;
 117:Core/Src/stm32f4xx_hal_msp.c ****     hdma_adc1.Init.PeriphInc = DMA_PINC_DISABLE;
 118:Core/Src/stm32f4xx_hal_msp.c ****     hdma_adc1.Init.MemInc = DMA_MINC_ENABLE;
 119:Core/Src/stm32f4xx_hal_msp.c ****     hdma_adc1.Init.PeriphDataAlignment = DMA_PDATAALIGN_HALFWORD;
 120:Core/Src/stm32f4xx_hal_msp.c ****     hdma_adc1.Init.MemDataAlignment = DMA_MDATAALIGN_HALFWORD;
 121:Core/Src/stm32f4xx_hal_msp.c ****     hdma_adc1.Init.Mode = DMA_CIRCULAR;
 122:Core/Src/stm32f4xx_hal_msp.c ****     hdma_adc1.Init.Priority = DMA_PRIORITY_LOW;
 123:Core/Src/stm32f4xx_hal_msp.c ****     hdma_adc1.Init.FIFOMode = DMA_FIFOMODE_DISABLE;
 124:Core/Src/stm32f4xx_hal_msp.c ****     if (HAL_DMA_Init(&hdma_adc1) != HAL_OK)
 125:Core/Src/stm32f4xx_hal_msp.c ****     {
 126:Core/Src/stm32f4xx_hal_msp.c ****       Error_Handler();
 127:Core/Src/stm32f4xx_hal_msp.c ****     }
 128:Core/Src/stm32f4xx_hal_msp.c **** 
 129:Core/Src/stm32f4xx_hal_msp.c ****     __HAL_LINKDMA(hadc,DMA_Handle,hdma_adc1);
 130:Core/Src/stm32f4xx_hal_msp.c **** 
 131:Core/Src/stm32f4xx_hal_msp.c ****   /* USER CODE BEGIN ADC1_MspInit 1 */
 132:Core/Src/stm32f4xx_hal_msp.c **** 
 133:Core/Src/stm32f4xx_hal_msp.c ****   /* USER CODE END ADC1_MspInit 1 */
 134:Core/Src/stm32f4xx_hal_msp.c ****   }
 135:Core/Src/stm32f4xx_hal_msp.c **** 
 136:Core/Src/stm32f4xx_hal_msp.c **** }
 137:Core/Src/stm32f4xx_hal_msp.c **** 
 138:Core/Src/stm32f4xx_hal_msp.c **** /**
 139:Core/Src/stm32f4xx_hal_msp.c **** * @brief ADC MSP De-Initialization
 140:Core/Src/stm32f4xx_hal_msp.c **** * This function freeze the hardware resources used in this example
 141:Core/Src/stm32f4xx_hal_msp.c **** * @param hadc: ADC handle pointer
 142:Core/Src/stm32f4xx_hal_msp.c **** * @retval None
 143:Core/Src/stm32f4xx_hal_msp.c **** */
 144:Core/Src/stm32f4xx_hal_msp.c **** void HAL_ADC_MspDeInit(ADC_HandleTypeDef* hadc)
 145:Core/Src/stm32f4xx_hal_msp.c **** {
 146:Core/Src/stm32f4xx_hal_msp.c ****   if(hadc->Instance==ADC1)
ARM GAS  /tmp/ccf0eNpi.s 			page 4


 147:Core/Src/stm32f4xx_hal_msp.c ****   {
 148:Core/Src/stm32f4xx_hal_msp.c ****   /* USER CODE BEGIN ADC1_MspDeInit 0 */
 149:Core/Src/stm32f4xx_hal_msp.c **** 
 150:Core/Src/stm32f4xx_hal_msp.c ****   /* USER CODE END ADC1_MspDeInit 0 */
 151:Core/Src/stm32f4xx_hal_msp.c ****     /* Peripheral clock disable */
 152:Core/Src/stm32f4xx_hal_msp.c ****     __HAL_RCC_ADC1_CLK_DISABLE();
 153:Core/Src/stm32f4xx_hal_msp.c **** 
 154:Core/Src/stm32f4xx_hal_msp.c ****     /**ADC1 GPIO Configuration
 155:Core/Src/stm32f4xx_hal_msp.c ****     PA0     ------> ADC1_IN0
 156:Core/Src/stm32f4xx_hal_msp.c ****     PA1     ------> ADC1_IN1
 157:Core/Src/stm32f4xx_hal_msp.c ****     */
 158:Core/Src/stm32f4xx_hal_msp.c ****     HAL_GPIO_DeInit(GPIOA, GPIO_PIN_0|GPIO_PIN_1);
 159:Core/Src/stm32f4xx_hal_msp.c **** 
 160:Core/Src/stm32f4xx_hal_msp.c ****     /* ADC1 DMA DeInit */
 161:Core/Src/stm32f4xx_hal_msp.c ****     HAL_DMA_DeInit(hadc->DMA_Handle);
 162:Core/Src/stm32f4xx_hal_msp.c ****   /* USER CODE BEGIN ADC1_MspDeInit 1 */
 163:Core/Src/stm32f4xx_hal_msp.c **** 
 164:Core/Src/stm32f4xx_hal_msp.c ****   /* USER CODE END ADC1_MspDeInit 1 */
 165:Core/Src/stm32f4xx_hal_msp.c ****   }
 166:Core/Src/stm32f4xx_hal_msp.c **** 
 167:Core/Src/stm32f4xx_hal_msp.c **** }
 168:Core/Src/stm32f4xx_hal_msp.c **** 
 169:Core/Src/stm32f4xx_hal_msp.c **** /**
 170:Core/Src/stm32f4xx_hal_msp.c **** * @brief I2C MSP Initialization
 171:Core/Src/stm32f4xx_hal_msp.c **** * This function configures the hardware resources used in this example
 172:Core/Src/stm32f4xx_hal_msp.c **** * @param hi2c: I2C handle pointer
 173:Core/Src/stm32f4xx_hal_msp.c **** * @retval None
 174:Core/Src/stm32f4xx_hal_msp.c **** */
 175:Core/Src/stm32f4xx_hal_msp.c **** void HAL_I2C_MspInit(I2C_HandleTypeDef* hi2c)
 176:Core/Src/stm32f4xx_hal_msp.c **** {
 177:Core/Src/stm32f4xx_hal_msp.c ****   GPIO_InitTypeDef GPIO_InitStruct = {0};
 178:Core/Src/stm32f4xx_hal_msp.c ****   if(hi2c->Instance==I2C3)
 179:Core/Src/stm32f4xx_hal_msp.c ****   {
 180:Core/Src/stm32f4xx_hal_msp.c ****   /* USER CODE BEGIN I2C3_MspInit 0 */
 181:Core/Src/stm32f4xx_hal_msp.c **** 
 182:Core/Src/stm32f4xx_hal_msp.c ****   /* USER CODE END I2C3_MspInit 0 */
 183:Core/Src/stm32f4xx_hal_msp.c **** 
 184:Core/Src/stm32f4xx_hal_msp.c ****     __HAL_RCC_GPIOC_CLK_ENABLE();
 185:Core/Src/stm32f4xx_hal_msp.c ****     __HAL_RCC_GPIOA_CLK_ENABLE();
 186:Core/Src/stm32f4xx_hal_msp.c ****     /**I2C3 GPIO Configuration
 187:Core/Src/stm32f4xx_hal_msp.c ****     PC9     ------> I2C3_SDA
 188:Core/Src/stm32f4xx_hal_msp.c ****     PA8     ------> I2C3_SCL
 189:Core/Src/stm32f4xx_hal_msp.c ****     */
 190:Core/Src/stm32f4xx_hal_msp.c ****     GPIO_InitStruct.Pin = GPIO_PIN_9;
 191:Core/Src/stm32f4xx_hal_msp.c ****     GPIO_InitStruct.Mode = GPIO_MODE_AF_OD;
 192:Core/Src/stm32f4xx_hal_msp.c ****     GPIO_InitStruct.Pull = GPIO_PULLUP;
 193:Core/Src/stm32f4xx_hal_msp.c ****     GPIO_InitStruct.Speed = GPIO_SPEED_FREQ_VERY_HIGH;
 194:Core/Src/stm32f4xx_hal_msp.c ****     GPIO_InitStruct.Alternate = GPIO_AF4_I2C3;
 195:Core/Src/stm32f4xx_hal_msp.c ****     HAL_GPIO_Init(GPIOC, &GPIO_InitStruct);
 196:Core/Src/stm32f4xx_hal_msp.c **** 
 197:Core/Src/stm32f4xx_hal_msp.c ****     GPIO_InitStruct.Pin = GPIO_PIN_8;
 198:Core/Src/stm32f4xx_hal_msp.c ****     GPIO_InitStruct.Mode = GPIO_MODE_AF_OD;
 199:Core/Src/stm32f4xx_hal_msp.c ****     GPIO_InitStruct.Pull = GPIO_PULLUP;
 200:Core/Src/stm32f4xx_hal_msp.c ****     GPIO_InitStruct.Speed = GPIO_SPEED_FREQ_VERY_HIGH;
 201:Core/Src/stm32f4xx_hal_msp.c ****     GPIO_InitStruct.Alternate = GPIO_AF4_I2C3;
 202:Core/Src/stm32f4xx_hal_msp.c ****     HAL_GPIO_Init(GPIOA, &GPIO_InitStruct);
 203:Core/Src/stm32f4xx_hal_msp.c **** 
ARM GAS  /tmp/ccf0eNpi.s 			page 5


 204:Core/Src/stm32f4xx_hal_msp.c ****     /* Peripheral clock enable */
 205:Core/Src/stm32f4xx_hal_msp.c ****     __HAL_RCC_I2C3_CLK_ENABLE();
 206:Core/Src/stm32f4xx_hal_msp.c ****     /* I2C3 interrupt Init */
 207:Core/Src/stm32f4xx_hal_msp.c ****     HAL_NVIC_SetPriority(I2C3_EV_IRQn, 0, 0);
 208:Core/Src/stm32f4xx_hal_msp.c ****     HAL_NVIC_EnableIRQ(I2C3_EV_IRQn);
 209:Core/Src/stm32f4xx_hal_msp.c ****     HAL_NVIC_SetPriority(I2C3_ER_IRQn, 0, 0);
 210:Core/Src/stm32f4xx_hal_msp.c ****     HAL_NVIC_EnableIRQ(I2C3_ER_IRQn);
 211:Core/Src/stm32f4xx_hal_msp.c ****   /* USER CODE BEGIN I2C3_MspInit 1 */
 212:Core/Src/stm32f4xx_hal_msp.c **** 
 213:Core/Src/stm32f4xx_hal_msp.c ****   /* USER CODE END I2C3_MspInit 1 */
 214:Core/Src/stm32f4xx_hal_msp.c ****   }
 215:Core/Src/stm32f4xx_hal_msp.c **** 
 216:Core/Src/stm32f4xx_hal_msp.c **** }
 217:Core/Src/stm32f4xx_hal_msp.c **** 
 218:Core/Src/stm32f4xx_hal_msp.c **** /**
 219:Core/Src/stm32f4xx_hal_msp.c **** * @brief I2C MSP De-Initialization
 220:Core/Src/stm32f4xx_hal_msp.c **** * This function freeze the hardware resources used in this example
 221:Core/Src/stm32f4xx_hal_msp.c **** * @param hi2c: I2C handle pointer
 222:Core/Src/stm32f4xx_hal_msp.c **** * @retval None
 223:Core/Src/stm32f4xx_hal_msp.c **** */
 224:Core/Src/stm32f4xx_hal_msp.c **** void HAL_I2C_MspDeInit(I2C_HandleTypeDef* hi2c)
 225:Core/Src/stm32f4xx_hal_msp.c **** {
 226:Core/Src/stm32f4xx_hal_msp.c ****   if(hi2c->Instance==I2C3)
 227:Core/Src/stm32f4xx_hal_msp.c ****   {
 228:Core/Src/stm32f4xx_hal_msp.c ****   /* USER CODE BEGIN I2C3_MspDeInit 0 */
 229:Core/Src/stm32f4xx_hal_msp.c **** 
 230:Core/Src/stm32f4xx_hal_msp.c ****   /* USER CODE END I2C3_MspDeInit 0 */
 231:Core/Src/stm32f4xx_hal_msp.c ****     /* Peripheral clock disable */
 232:Core/Src/stm32f4xx_hal_msp.c ****     __HAL_RCC_I2C3_CLK_DISABLE();
 233:Core/Src/stm32f4xx_hal_msp.c **** 
 234:Core/Src/stm32f4xx_hal_msp.c ****     /**I2C3 GPIO Configuration
 235:Core/Src/stm32f4xx_hal_msp.c ****     PC9     ------> I2C3_SDA
 236:Core/Src/stm32f4xx_hal_msp.c ****     PA8     ------> I2C3_SCL
 237:Core/Src/stm32f4xx_hal_msp.c ****     */
 238:Core/Src/stm32f4xx_hal_msp.c ****     HAL_GPIO_DeInit(GPIOC, GPIO_PIN_9);
 239:Core/Src/stm32f4xx_hal_msp.c **** 
 240:Core/Src/stm32f4xx_hal_msp.c ****     HAL_GPIO_DeInit(GPIOA, GPIO_PIN_8);
 241:Core/Src/stm32f4xx_hal_msp.c **** 
 242:Core/Src/stm32f4xx_hal_msp.c ****     /* I2C3 interrupt DeInit */
 243:Core/Src/stm32f4xx_hal_msp.c ****     HAL_NVIC_DisableIRQ(I2C3_EV_IRQn);
 244:Core/Src/stm32f4xx_hal_msp.c ****     HAL_NVIC_DisableIRQ(I2C3_ER_IRQn);
 245:Core/Src/stm32f4xx_hal_msp.c ****   /* USER CODE BEGIN I2C3_MspDeInit 1 */
 246:Core/Src/stm32f4xx_hal_msp.c **** 
 247:Core/Src/stm32f4xx_hal_msp.c ****   /* USER CODE END I2C3_MspDeInit 1 */
 248:Core/Src/stm32f4xx_hal_msp.c ****   }
 249:Core/Src/stm32f4xx_hal_msp.c **** 
 250:Core/Src/stm32f4xx_hal_msp.c **** }
 251:Core/Src/stm32f4xx_hal_msp.c **** 
 252:Core/Src/stm32f4xx_hal_msp.c **** /**
 253:Core/Src/stm32f4xx_hal_msp.c **** * @brief TIM_OC MSP Initialization
 254:Core/Src/stm32f4xx_hal_msp.c **** * This function configures the hardware resources used in this example
 255:Core/Src/stm32f4xx_hal_msp.c **** * @param htim_oc: TIM_OC handle pointer
 256:Core/Src/stm32f4xx_hal_msp.c **** * @retval None
 257:Core/Src/stm32f4xx_hal_msp.c **** */
 258:Core/Src/stm32f4xx_hal_msp.c **** void HAL_TIM_OC_MspInit(TIM_HandleTypeDef* htim_oc)
 259:Core/Src/stm32f4xx_hal_msp.c **** {
 260:Core/Src/stm32f4xx_hal_msp.c ****   if(htim_oc->Instance==TIM3)
ARM GAS  /tmp/ccf0eNpi.s 			page 6


 261:Core/Src/stm32f4xx_hal_msp.c ****   {
 262:Core/Src/stm32f4xx_hal_msp.c ****   /* USER CODE BEGIN TIM3_MspInit 0 */
 263:Core/Src/stm32f4xx_hal_msp.c **** 
 264:Core/Src/stm32f4xx_hal_msp.c ****   /* USER CODE END TIM3_MspInit 0 */
 265:Core/Src/stm32f4xx_hal_msp.c ****     /* Peripheral clock enable */
 266:Core/Src/stm32f4xx_hal_msp.c ****     __HAL_RCC_TIM3_CLK_ENABLE();
 267:Core/Src/stm32f4xx_hal_msp.c ****     /* TIM3 interrupt Init */
 268:Core/Src/stm32f4xx_hal_msp.c ****     HAL_NVIC_SetPriority(TIM3_IRQn, 0, 0);
 269:Core/Src/stm32f4xx_hal_msp.c ****     HAL_NVIC_EnableIRQ(TIM3_IRQn);
 270:Core/Src/stm32f4xx_hal_msp.c ****   /* USER CODE BEGIN TIM3_MspInit 1 */
 271:Core/Src/stm32f4xx_hal_msp.c **** 
 272:Core/Src/stm32f4xx_hal_msp.c ****   /* USER CODE END TIM3_MspInit 1 */
 273:Core/Src/stm32f4xx_hal_msp.c ****   }
 274:Core/Src/stm32f4xx_hal_msp.c **** 
 275:Core/Src/stm32f4xx_hal_msp.c **** }
 276:Core/Src/stm32f4xx_hal_msp.c **** 
 277:Core/Src/stm32f4xx_hal_msp.c **** /**
 278:Core/Src/stm32f4xx_hal_msp.c **** * @brief TIM_OC MSP De-Initialization
 279:Core/Src/stm32f4xx_hal_msp.c **** * This function freeze the hardware resources used in this example
 280:Core/Src/stm32f4xx_hal_msp.c **** * @param htim_oc: TIM_OC handle pointer
 281:Core/Src/stm32f4xx_hal_msp.c **** * @retval None
 282:Core/Src/stm32f4xx_hal_msp.c **** */
 283:Core/Src/stm32f4xx_hal_msp.c **** void HAL_TIM_OC_MspDeInit(TIM_HandleTypeDef* htim_oc)
 284:Core/Src/stm32f4xx_hal_msp.c **** {
 285:Core/Src/stm32f4xx_hal_msp.c ****   if(htim_oc->Instance==TIM3)
 286:Core/Src/stm32f4xx_hal_msp.c ****   {
 287:Core/Src/stm32f4xx_hal_msp.c ****   /* USER CODE BEGIN TIM3_MspDeInit 0 */
 288:Core/Src/stm32f4xx_hal_msp.c **** 
 289:Core/Src/stm32f4xx_hal_msp.c ****   /* USER CODE END TIM3_MspDeInit 0 */
 290:Core/Src/stm32f4xx_hal_msp.c ****     /* Peripheral clock disable */
 291:Core/Src/stm32f4xx_hal_msp.c ****     __HAL_RCC_TIM3_CLK_DISABLE();
 292:Core/Src/stm32f4xx_hal_msp.c **** 
 293:Core/Src/stm32f4xx_hal_msp.c ****     /* TIM3 interrupt DeInit */
 294:Core/Src/stm32f4xx_hal_msp.c ****     HAL_NVIC_DisableIRQ(TIM3_IRQn);
 295:Core/Src/stm32f4xx_hal_msp.c ****   /* USER CODE BEGIN TIM3_MspDeInit 1 */
 296:Core/Src/stm32f4xx_hal_msp.c **** 
 297:Core/Src/stm32f4xx_hal_msp.c ****   /* USER CODE END TIM3_MspDeInit 1 */
 298:Core/Src/stm32f4xx_hal_msp.c ****   }
 299:Core/Src/stm32f4xx_hal_msp.c **** 
 300:Core/Src/stm32f4xx_hal_msp.c **** }
 301:Core/Src/stm32f4xx_hal_msp.c **** 
 302:Core/Src/stm32f4xx_hal_msp.c **** /**
 303:Core/Src/stm32f4xx_hal_msp.c **** * @brief UART MSP Initialization
 304:Core/Src/stm32f4xx_hal_msp.c **** * This function configures the hardware resources used in this example
 305:Core/Src/stm32f4xx_hal_msp.c **** * @param huart: UART handle pointer
 306:Core/Src/stm32f4xx_hal_msp.c **** * @retval None
 307:Core/Src/stm32f4xx_hal_msp.c **** */
 308:Core/Src/stm32f4xx_hal_msp.c **** void HAL_UART_MspInit(UART_HandleTypeDef* huart)
 309:Core/Src/stm32f4xx_hal_msp.c **** {
 310:Core/Src/stm32f4xx_hal_msp.c ****   GPIO_InitTypeDef GPIO_InitStruct = {0};
 311:Core/Src/stm32f4xx_hal_msp.c ****   if(huart->Instance==USART1)
 312:Core/Src/stm32f4xx_hal_msp.c ****   {
 313:Core/Src/stm32f4xx_hal_msp.c ****   /* USER CODE BEGIN USART1_MspInit 0 */
 314:Core/Src/stm32f4xx_hal_msp.c **** 
 315:Core/Src/stm32f4xx_hal_msp.c ****   /* USER CODE END USART1_MspInit 0 */
 316:Core/Src/stm32f4xx_hal_msp.c ****     /* Peripheral clock enable */
 317:Core/Src/stm32f4xx_hal_msp.c ****     __HAL_RCC_USART1_CLK_ENABLE();
ARM GAS  /tmp/ccf0eNpi.s 			page 7


 318:Core/Src/stm32f4xx_hal_msp.c **** 
 319:Core/Src/stm32f4xx_hal_msp.c ****     __HAL_RCC_GPIOA_CLK_ENABLE();
 320:Core/Src/stm32f4xx_hal_msp.c ****     /**USART1 GPIO Configuration
 321:Core/Src/stm32f4xx_hal_msp.c ****     PA9     ------> USART1_TX
 322:Core/Src/stm32f4xx_hal_msp.c ****     PA10     ------> USART1_RX
 323:Core/Src/stm32f4xx_hal_msp.c ****     */
 324:Core/Src/stm32f4xx_hal_msp.c ****     GPIO_InitStruct.Pin = GPIO_PIN_9|GPIO_PIN_10;
 325:Core/Src/stm32f4xx_hal_msp.c ****     GPIO_InitStruct.Mode = GPIO_MODE_AF_PP;
 326:Core/Src/stm32f4xx_hal_msp.c ****     GPIO_InitStruct.Pull = GPIO_NOPULL;
 327:Core/Src/stm32f4xx_hal_msp.c ****     GPIO_InitStruct.Speed = GPIO_SPEED_FREQ_VERY_HIGH;
 328:Core/Src/stm32f4xx_hal_msp.c ****     GPIO_InitStruct.Alternate = GPIO_AF7_USART1;
 329:Core/Src/stm32f4xx_hal_msp.c ****     HAL_GPIO_Init(GPIOA, &GPIO_InitStruct);
 330:Core/Src/stm32f4xx_hal_msp.c **** 
 331:Core/Src/stm32f4xx_hal_msp.c ****     /* USART1 DMA Init */
 332:Core/Src/stm32f4xx_hal_msp.c ****     /* USART1_RX Init */
 333:Core/Src/stm32f4xx_hal_msp.c ****     hdma_usart1_rx.Instance = DMA2_Stream2;
 334:Core/Src/stm32f4xx_hal_msp.c ****     hdma_usart1_rx.Init.Channel = DMA_CHANNEL_4;
 335:Core/Src/stm32f4xx_hal_msp.c ****     hdma_usart1_rx.Init.Direction = DMA_PERIPH_TO_MEMORY;
 336:Core/Src/stm32f4xx_hal_msp.c ****     hdma_usart1_rx.Init.PeriphInc = DMA_PINC_DISABLE;
 337:Core/Src/stm32f4xx_hal_msp.c ****     hdma_usart1_rx.Init.MemInc = DMA_MINC_ENABLE;
 338:Core/Src/stm32f4xx_hal_msp.c ****     hdma_usart1_rx.Init.PeriphDataAlignment = DMA_PDATAALIGN_BYTE;
 339:Core/Src/stm32f4xx_hal_msp.c ****     hdma_usart1_rx.Init.MemDataAlignment = DMA_MDATAALIGN_BYTE;
 340:Core/Src/stm32f4xx_hal_msp.c ****     hdma_usart1_rx.Init.Mode = DMA_NORMAL;
 341:Core/Src/stm32f4xx_hal_msp.c ****     hdma_usart1_rx.Init.Priority = DMA_PRIORITY_LOW;
 342:Core/Src/stm32f4xx_hal_msp.c ****     hdma_usart1_rx.Init.FIFOMode = DMA_FIFOMODE_DISABLE;
 343:Core/Src/stm32f4xx_hal_msp.c ****     if (HAL_DMA_Init(&hdma_usart1_rx) != HAL_OK)
 344:Core/Src/stm32f4xx_hal_msp.c ****     {
 345:Core/Src/stm32f4xx_hal_msp.c ****       Error_Handler();
 346:Core/Src/stm32f4xx_hal_msp.c ****     }
 347:Core/Src/stm32f4xx_hal_msp.c **** 
 348:Core/Src/stm32f4xx_hal_msp.c ****     __HAL_LINKDMA(huart,hdmarx,hdma_usart1_rx);
 349:Core/Src/stm32f4xx_hal_msp.c **** 
 350:Core/Src/stm32f4xx_hal_msp.c ****     /* USART1_TX Init */
 351:Core/Src/stm32f4xx_hal_msp.c ****     hdma_usart1_tx.Instance = DMA2_Stream7;
 352:Core/Src/stm32f4xx_hal_msp.c ****     hdma_usart1_tx.Init.Channel = DMA_CHANNEL_4;
 353:Core/Src/stm32f4xx_hal_msp.c ****     hdma_usart1_tx.Init.Direction = DMA_MEMORY_TO_PERIPH;
 354:Core/Src/stm32f4xx_hal_msp.c ****     hdma_usart1_tx.Init.PeriphInc = DMA_PINC_DISABLE;
 355:Core/Src/stm32f4xx_hal_msp.c ****     hdma_usart1_tx.Init.MemInc = DMA_MINC_ENABLE;
 356:Core/Src/stm32f4xx_hal_msp.c ****     hdma_usart1_tx.Init.PeriphDataAlignment = DMA_PDATAALIGN_BYTE;
 357:Core/Src/stm32f4xx_hal_msp.c ****     hdma_usart1_tx.Init.MemDataAlignment = DMA_MDATAALIGN_BYTE;
 358:Core/Src/stm32f4xx_hal_msp.c ****     hdma_usart1_tx.Init.Mode = DMA_NORMAL;
 359:Core/Src/stm32f4xx_hal_msp.c ****     hdma_usart1_tx.Init.Priority = DMA_PRIORITY_LOW;
 360:Core/Src/stm32f4xx_hal_msp.c ****     hdma_usart1_tx.Init.FIFOMode = DMA_FIFOMODE_DISABLE;
 361:Core/Src/stm32f4xx_hal_msp.c ****     if (HAL_DMA_Init(&hdma_usart1_tx) != HAL_OK)
 362:Core/Src/stm32f4xx_hal_msp.c ****     {
 363:Core/Src/stm32f4xx_hal_msp.c ****       Error_Handler();
 364:Core/Src/stm32f4xx_hal_msp.c ****     }
 365:Core/Src/stm32f4xx_hal_msp.c **** 
 366:Core/Src/stm32f4xx_hal_msp.c ****     __HAL_LINKDMA(huart,hdmatx,hdma_usart1_tx);
 367:Core/Src/stm32f4xx_hal_msp.c **** 
 368:Core/Src/stm32f4xx_hal_msp.c ****     /* USART1 interrupt Init */
 369:Core/Src/stm32f4xx_hal_msp.c ****     HAL_NVIC_SetPriority(USART1_IRQn, 0, 0);
 370:Core/Src/stm32f4xx_hal_msp.c ****     HAL_NVIC_EnableIRQ(USART1_IRQn);
 371:Core/Src/stm32f4xx_hal_msp.c ****   /* USER CODE BEGIN USART1_MspInit 1 */
 372:Core/Src/stm32f4xx_hal_msp.c **** 
 373:Core/Src/stm32f4xx_hal_msp.c ****   /* USER CODE END USART1_MspInit 1 */
 374:Core/Src/stm32f4xx_hal_msp.c ****   }
ARM GAS  /tmp/ccf0eNpi.s 			page 8


 375:Core/Src/stm32f4xx_hal_msp.c **** 
 376:Core/Src/stm32f4xx_hal_msp.c **** }
 377:Core/Src/stm32f4xx_hal_msp.c **** 
 378:Core/Src/stm32f4xx_hal_msp.c **** /**
 379:Core/Src/stm32f4xx_hal_msp.c **** * @brief UART MSP De-Initialization
 380:Core/Src/stm32f4xx_hal_msp.c **** * This function freeze the hardware resources used in this example
 381:Core/Src/stm32f4xx_hal_msp.c **** * @param huart: UART handle pointer
 382:Core/Src/stm32f4xx_hal_msp.c **** * @retval None
 383:Core/Src/stm32f4xx_hal_msp.c **** */
 384:Core/Src/stm32f4xx_hal_msp.c **** void HAL_UART_MspDeInit(UART_HandleTypeDef* huart)
 385:Core/Src/stm32f4xx_hal_msp.c **** {
 386:Core/Src/stm32f4xx_hal_msp.c ****   if(huart->Instance==USART1)
 387:Core/Src/stm32f4xx_hal_msp.c ****   {
 388:Core/Src/stm32f4xx_hal_msp.c ****   /* USER CODE BEGIN USART1_MspDeInit 0 */
 389:Core/Src/stm32f4xx_hal_msp.c **** 
 390:Core/Src/stm32f4xx_hal_msp.c ****   /* USER CODE END USART1_MspDeInit 0 */
 391:Core/Src/stm32f4xx_hal_msp.c ****     /* Peripheral clock disable */
 392:Core/Src/stm32f4xx_hal_msp.c ****     __HAL_RCC_USART1_CLK_DISABLE();
 393:Core/Src/stm32f4xx_hal_msp.c **** 
 394:Core/Src/stm32f4xx_hal_msp.c ****     /**USART1 GPIO Configuration
 395:Core/Src/stm32f4xx_hal_msp.c ****     PA9     ------> USART1_TX
 396:Core/Src/stm32f4xx_hal_msp.c ****     PA10     ------> USART1_RX
 397:Core/Src/stm32f4xx_hal_msp.c ****     */
 398:Core/Src/stm32f4xx_hal_msp.c ****     HAL_GPIO_DeInit(GPIOA, GPIO_PIN_9|GPIO_PIN_10);
 399:Core/Src/stm32f4xx_hal_msp.c **** 
 400:Core/Src/stm32f4xx_hal_msp.c ****     /* USART1 DMA DeInit */
 401:Core/Src/stm32f4xx_hal_msp.c ****     HAL_DMA_DeInit(huart->hdmarx);
 402:Core/Src/stm32f4xx_hal_msp.c ****     HAL_DMA_DeInit(huart->hdmatx);
 403:Core/Src/stm32f4xx_hal_msp.c **** 
 404:Core/Src/stm32f4xx_hal_msp.c ****     /* USART1 interrupt DeInit */
 405:Core/Src/stm32f4xx_hal_msp.c ****     HAL_NVIC_DisableIRQ(USART1_IRQn);
 406:Core/Src/stm32f4xx_hal_msp.c ****   /* USER CODE BEGIN USART1_MspDeInit 1 */
 407:Core/Src/stm32f4xx_hal_msp.c **** 
 408:Core/Src/stm32f4xx_hal_msp.c ****   /* USER CODE END USART1_MspDeInit 1 */
 409:Core/Src/stm32f4xx_hal_msp.c ****   }
 410:Core/Src/stm32f4xx_hal_msp.c **** 
 411:Core/Src/stm32f4xx_hal_msp.c **** }
 412:Core/Src/stm32f4xx_hal_msp.c **** 
 413:Core/Src/stm32f4xx_hal_msp.c **** static uint32_t FSMC_Initialized = 0;
 414:Core/Src/stm32f4xx_hal_msp.c **** 
 415:Core/Src/stm32f4xx_hal_msp.c **** static void HAL_FSMC_MspInit(void){
  27              		.loc 1 415 0
  28              		.cfi_startproc
  29              		@ args = 0, pretend = 0, frame = 24
  30              		@ frame_needed = 0, uses_anonymous_args = 0
  31 0000 2DE9F043 		push	{r4, r5, r6, r7, r8, r9, lr}
  32              	.LCFI0:
  33              		.cfi_def_cfa_offset 28
  34              		.cfi_offset 4, -28
  35              		.cfi_offset 5, -24
  36              		.cfi_offset 6, -20
  37              		.cfi_offset 7, -16
  38              		.cfi_offset 8, -12
  39              		.cfi_offset 9, -8
  40              		.cfi_offset 14, -4
  41 0004 87B0     		sub	sp, sp, #28
  42              	.LCFI1:
ARM GAS  /tmp/ccf0eNpi.s 			page 9


  43              		.cfi_def_cfa_offset 56
 416:Core/Src/stm32f4xx_hal_msp.c ****   /* USER CODE BEGIN FSMC_MspInit 0 */
 417:Core/Src/stm32f4xx_hal_msp.c **** 
 418:Core/Src/stm32f4xx_hal_msp.c ****   /* USER CODE END FSMC_MspInit 0 */
 419:Core/Src/stm32f4xx_hal_msp.c ****   GPIO_InitTypeDef GPIO_InitStruct ={0};
  44              		.loc 1 419 0
  45 0006 0023     		movs	r3, #0
  46 0008 0193     		str	r3, [sp, #4]
  47 000a 0293     		str	r3, [sp, #8]
  48 000c 0393     		str	r3, [sp, #12]
  49 000e 0493     		str	r3, [sp, #16]
  50 0010 0593     		str	r3, [sp, #20]
 420:Core/Src/stm32f4xx_hal_msp.c ****   if (FSMC_Initialized) {
  51              		.loc 1 420 0
  52 0012 264B     		ldr	r3, .L6
  53 0014 1B68     		ldr	r3, [r3]
  54 0016 13B1     		cbz	r3, .L5
  55              	.L1:
 421:Core/Src/stm32f4xx_hal_msp.c ****     return;
 422:Core/Src/stm32f4xx_hal_msp.c ****   }
 423:Core/Src/stm32f4xx_hal_msp.c ****   FSMC_Initialized = 1;
 424:Core/Src/stm32f4xx_hal_msp.c **** 
 425:Core/Src/stm32f4xx_hal_msp.c ****   /* Peripheral clock enable */
 426:Core/Src/stm32f4xx_hal_msp.c ****   __HAL_RCC_FSMC_CLK_ENABLE();
 427:Core/Src/stm32f4xx_hal_msp.c **** 
 428:Core/Src/stm32f4xx_hal_msp.c ****   /** FSMC GPIO Configuration
 429:Core/Src/stm32f4xx_hal_msp.c ****   PC2   ------> FSMC_NWE
 430:Core/Src/stm32f4xx_hal_msp.c ****   PC3   ------> FSMC_A0
 431:Core/Src/stm32f4xx_hal_msp.c ****   PA2   ------> FSMC_D4
 432:Core/Src/stm32f4xx_hal_msp.c ****   PA3   ------> FSMC_D5
 433:Core/Src/stm32f4xx_hal_msp.c ****   PA4   ------> FSMC_D6
 434:Core/Src/stm32f4xx_hal_msp.c ****   PA5   ------> FSMC_D7
 435:Core/Src/stm32f4xx_hal_msp.c ****   PC4   ------> FSMC_NE4
 436:Core/Src/stm32f4xx_hal_msp.c ****   PC5   ------> FSMC_NOE
 437:Core/Src/stm32f4xx_hal_msp.c ****   PB14   ------> FSMC_D0
 438:Core/Src/stm32f4xx_hal_msp.c ****   PC6   ------> FSMC_D1
 439:Core/Src/stm32f4xx_hal_msp.c ****   PC11   ------> FSMC_D2
 440:Core/Src/stm32f4xx_hal_msp.c ****   PC12   ------> FSMC_D3
 441:Core/Src/stm32f4xx_hal_msp.c ****   */
 442:Core/Src/stm32f4xx_hal_msp.c ****   GPIO_InitStruct.Pin = GPIO_PIN_2|GPIO_PIN_3|GPIO_PIN_4|GPIO_PIN_5;
 443:Core/Src/stm32f4xx_hal_msp.c ****   GPIO_InitStruct.Mode = GPIO_MODE_AF_PP;
 444:Core/Src/stm32f4xx_hal_msp.c ****   GPIO_InitStruct.Pull = GPIO_NOPULL;
 445:Core/Src/stm32f4xx_hal_msp.c ****   GPIO_InitStruct.Speed = GPIO_SPEED_FREQ_VERY_HIGH;
 446:Core/Src/stm32f4xx_hal_msp.c ****   GPIO_InitStruct.Alternate = GPIO_AF12_FSMC;
 447:Core/Src/stm32f4xx_hal_msp.c ****   HAL_GPIO_Init(GPIOC, &GPIO_InitStruct);
 448:Core/Src/stm32f4xx_hal_msp.c **** 
 449:Core/Src/stm32f4xx_hal_msp.c ****   GPIO_InitStruct.Pin = GPIO_PIN_2|GPIO_PIN_3|GPIO_PIN_4|GPIO_PIN_5;
 450:Core/Src/stm32f4xx_hal_msp.c ****   GPIO_InitStruct.Mode = GPIO_MODE_AF_PP;
 451:Core/Src/stm32f4xx_hal_msp.c ****   GPIO_InitStruct.Pull = GPIO_NOPULL;
 452:Core/Src/stm32f4xx_hal_msp.c ****   GPIO_InitStruct.Speed = GPIO_SPEED_FREQ_VERY_HIGH;
 453:Core/Src/stm32f4xx_hal_msp.c ****   GPIO_InitStruct.Alternate = GPIO_AF12_FSMC;
 454:Core/Src/stm32f4xx_hal_msp.c ****   HAL_GPIO_Init(GPIOA, &GPIO_InitStruct);
 455:Core/Src/stm32f4xx_hal_msp.c **** 
 456:Core/Src/stm32f4xx_hal_msp.c ****   GPIO_InitStruct.Pin = GPIO_PIN_14;
 457:Core/Src/stm32f4xx_hal_msp.c ****   GPIO_InitStruct.Mode = GPIO_MODE_AF_PP;
 458:Core/Src/stm32f4xx_hal_msp.c ****   GPIO_InitStruct.Pull = GPIO_NOPULL;
 459:Core/Src/stm32f4xx_hal_msp.c ****   GPIO_InitStruct.Speed = GPIO_SPEED_FREQ_VERY_HIGH;
ARM GAS  /tmp/ccf0eNpi.s 			page 10


 460:Core/Src/stm32f4xx_hal_msp.c ****   GPIO_InitStruct.Alternate = GPIO_AF10_OTG_FS;
 461:Core/Src/stm32f4xx_hal_msp.c ****   HAL_GPIO_Init(GPIOB, &GPIO_InitStruct);
 462:Core/Src/stm32f4xx_hal_msp.c **** 
 463:Core/Src/stm32f4xx_hal_msp.c ****   GPIO_InitStruct.Pin = GPIO_PIN_6|GPIO_PIN_11|GPIO_PIN_12;
 464:Core/Src/stm32f4xx_hal_msp.c ****   GPIO_InitStruct.Mode = GPIO_MODE_AF_PP;
 465:Core/Src/stm32f4xx_hal_msp.c ****   GPIO_InitStruct.Pull = GPIO_NOPULL;
 466:Core/Src/stm32f4xx_hal_msp.c ****   GPIO_InitStruct.Speed = GPIO_SPEED_FREQ_VERY_HIGH;
 467:Core/Src/stm32f4xx_hal_msp.c ****   GPIO_InitStruct.Alternate = GPIO_AF10_OTG_FS;
 468:Core/Src/stm32f4xx_hal_msp.c ****   HAL_GPIO_Init(GPIOC, &GPIO_InitStruct);
 469:Core/Src/stm32f4xx_hal_msp.c **** 
 470:Core/Src/stm32f4xx_hal_msp.c ****   /* USER CODE BEGIN FSMC_MspInit 1 */
 471:Core/Src/stm32f4xx_hal_msp.c **** 
 472:Core/Src/stm32f4xx_hal_msp.c ****   /* USER CODE END FSMC_MspInit 1 */
 473:Core/Src/stm32f4xx_hal_msp.c **** }
  56              		.loc 1 473 0
  57 0018 07B0     		add	sp, sp, #28
  58              	.LCFI2:
  59              		.cfi_remember_state
  60              		.cfi_def_cfa_offset 28
  61              		@ sp needed
  62 001a BDE8F083 		pop	{r4, r5, r6, r7, r8, r9, pc}
  63              	.L5:
  64              	.LCFI3:
  65              		.cfi_restore_state
 423:Core/Src/stm32f4xx_hal_msp.c **** 
  66              		.loc 1 423 0
  67 001e 234B     		ldr	r3, .L6
  68 0020 0122     		movs	r2, #1
  69 0022 1A60     		str	r2, [r3]
  70              	.LBB2:
 426:Core/Src/stm32f4xx_hal_msp.c **** 
  71              		.loc 1 426 0
  72 0024 0025     		movs	r5, #0
  73 0026 0095     		str	r5, [sp]
  74 0028 214B     		ldr	r3, .L6+4
  75 002a 9A6B     		ldr	r2, [r3, #56]
  76 002c 42F00102 		orr	r2, r2, #1
  77 0030 9A63     		str	r2, [r3, #56]
  78 0032 9B6B     		ldr	r3, [r3, #56]
  79 0034 03F00103 		and	r3, r3, #1
  80 0038 0093     		str	r3, [sp]
  81 003a 009B     		ldr	r3, [sp]
  82              	.LBE2:
 442:Core/Src/stm32f4xx_hal_msp.c ****   GPIO_InitStruct.Mode = GPIO_MODE_AF_PP;
  83              		.loc 1 442 0
  84 003c 4FF03C09 		mov	r9, #60
  85 0040 CDF80490 		str	r9, [sp, #4]
 443:Core/Src/stm32f4xx_hal_msp.c ****   GPIO_InitStruct.Pull = GPIO_NOPULL;
  86              		.loc 1 443 0
  87 0044 0226     		movs	r6, #2
  88 0046 0296     		str	r6, [sp, #8]
 445:Core/Src/stm32f4xx_hal_msp.c ****   GPIO_InitStruct.Alternate = GPIO_AF12_FSMC;
  89              		.loc 1 445 0
  90 0048 0324     		movs	r4, #3
  91 004a 0494     		str	r4, [sp, #16]
 446:Core/Src/stm32f4xx_hal_msp.c ****   HAL_GPIO_Init(GPIOC, &GPIO_InitStruct);
  92              		.loc 1 446 0
ARM GAS  /tmp/ccf0eNpi.s 			page 11


  93 004c 4FF00C08 		mov	r8, #12
  94 0050 CDF81480 		str	r8, [sp, #20]
 447:Core/Src/stm32f4xx_hal_msp.c **** 
  95              		.loc 1 447 0
  96 0054 174F     		ldr	r7, .L6+8
  97 0056 01A9     		add	r1, sp, #4
  98 0058 3846     		mov	r0, r7
  99 005a FFF7FEFF 		bl	HAL_GPIO_Init
 100              	.LVL0:
 449:Core/Src/stm32f4xx_hal_msp.c ****   GPIO_InitStruct.Mode = GPIO_MODE_AF_PP;
 101              		.loc 1 449 0
 102 005e CDF80490 		str	r9, [sp, #4]
 450:Core/Src/stm32f4xx_hal_msp.c ****   GPIO_InitStruct.Pull = GPIO_NOPULL;
 103              		.loc 1 450 0
 104 0062 0296     		str	r6, [sp, #8]
 451:Core/Src/stm32f4xx_hal_msp.c ****   GPIO_InitStruct.Speed = GPIO_SPEED_FREQ_VERY_HIGH;
 105              		.loc 1 451 0
 106 0064 0395     		str	r5, [sp, #12]
 452:Core/Src/stm32f4xx_hal_msp.c ****   GPIO_InitStruct.Alternate = GPIO_AF12_FSMC;
 107              		.loc 1 452 0
 108 0066 0494     		str	r4, [sp, #16]
 453:Core/Src/stm32f4xx_hal_msp.c ****   HAL_GPIO_Init(GPIOA, &GPIO_InitStruct);
 109              		.loc 1 453 0
 110 0068 CDF81480 		str	r8, [sp, #20]
 454:Core/Src/stm32f4xx_hal_msp.c **** 
 111              		.loc 1 454 0
 112 006c 01A9     		add	r1, sp, #4
 113 006e 1248     		ldr	r0, .L6+12
 114 0070 FFF7FEFF 		bl	HAL_GPIO_Init
 115              	.LVL1:
 456:Core/Src/stm32f4xx_hal_msp.c ****   GPIO_InitStruct.Mode = GPIO_MODE_AF_PP;
 116              		.loc 1 456 0
 117 0074 4FF48043 		mov	r3, #16384
 118 0078 0193     		str	r3, [sp, #4]
 457:Core/Src/stm32f4xx_hal_msp.c ****   GPIO_InitStruct.Pull = GPIO_NOPULL;
 119              		.loc 1 457 0
 120 007a 0296     		str	r6, [sp, #8]
 458:Core/Src/stm32f4xx_hal_msp.c ****   GPIO_InitStruct.Speed = GPIO_SPEED_FREQ_VERY_HIGH;
 121              		.loc 1 458 0
 122 007c 0395     		str	r5, [sp, #12]
 459:Core/Src/stm32f4xx_hal_msp.c ****   GPIO_InitStruct.Alternate = GPIO_AF10_OTG_FS;
 123              		.loc 1 459 0
 124 007e 0494     		str	r4, [sp, #16]
 460:Core/Src/stm32f4xx_hal_msp.c ****   HAL_GPIO_Init(GPIOB, &GPIO_InitStruct);
 125              		.loc 1 460 0
 126 0080 4FF00A08 		mov	r8, #10
 127 0084 CDF81480 		str	r8, [sp, #20]
 461:Core/Src/stm32f4xx_hal_msp.c **** 
 128              		.loc 1 461 0
 129 0088 01A9     		add	r1, sp, #4
 130 008a 0C48     		ldr	r0, .L6+16
 131 008c FFF7FEFF 		bl	HAL_GPIO_Init
 132              	.LVL2:
 463:Core/Src/stm32f4xx_hal_msp.c ****   GPIO_InitStruct.Mode = GPIO_MODE_AF_PP;
 133              		.loc 1 463 0
 134 0090 4FF4C253 		mov	r3, #6208
 135 0094 0193     		str	r3, [sp, #4]
ARM GAS  /tmp/ccf0eNpi.s 			page 12


 464:Core/Src/stm32f4xx_hal_msp.c ****   GPIO_InitStruct.Pull = GPIO_NOPULL;
 136              		.loc 1 464 0
 137 0096 0296     		str	r6, [sp, #8]
 465:Core/Src/stm32f4xx_hal_msp.c ****   GPIO_InitStruct.Speed = GPIO_SPEED_FREQ_VERY_HIGH;
 138              		.loc 1 465 0
 139 0098 0395     		str	r5, [sp, #12]
 466:Core/Src/stm32f4xx_hal_msp.c ****   GPIO_InitStruct.Alternate = GPIO_AF10_OTG_FS;
 140              		.loc 1 466 0
 141 009a 0494     		str	r4, [sp, #16]
 467:Core/Src/stm32f4xx_hal_msp.c ****   HAL_GPIO_Init(GPIOC, &GPIO_InitStruct);
 142              		.loc 1 467 0
 143 009c CDF81480 		str	r8, [sp, #20]
 468:Core/Src/stm32f4xx_hal_msp.c **** 
 144              		.loc 1 468 0
 145 00a0 01A9     		add	r1, sp, #4
 146 00a2 3846     		mov	r0, r7
 147 00a4 FFF7FEFF 		bl	HAL_GPIO_Init
 148              	.LVL3:
 149 00a8 B6E7     		b	.L1
 150              	.L7:
 151 00aa 00BF     		.align	2
 152              	.L6:
 153 00ac 00000000 		.word	.LANCHOR0
 154 00b0 00380240 		.word	1073887232
 155 00b4 00080240 		.word	1073874944
 156 00b8 00000240 		.word	1073872896
 157 00bc 00040240 		.word	1073873920
 158              		.cfi_endproc
 159              	.LFE139:
 161              		.section	.text.HAL_FSMC_MspDeInit,"ax",%progbits
 162              		.align	1
 163              		.syntax unified
 164              		.thumb
 165              		.thumb_func
 166              		.fpu fpv4-sp-d16
 168              	HAL_FSMC_MspDeInit:
 169              	.LFB141:
 474:Core/Src/stm32f4xx_hal_msp.c **** 
 475:Core/Src/stm32f4xx_hal_msp.c **** void HAL_SRAM_MspInit(SRAM_HandleTypeDef* hsram){
 476:Core/Src/stm32f4xx_hal_msp.c ****   /* USER CODE BEGIN SRAM_MspInit 0 */
 477:Core/Src/stm32f4xx_hal_msp.c **** 
 478:Core/Src/stm32f4xx_hal_msp.c ****   /* USER CODE END SRAM_MspInit 0 */
 479:Core/Src/stm32f4xx_hal_msp.c ****   HAL_FSMC_MspInit();
 480:Core/Src/stm32f4xx_hal_msp.c ****   /* USER CODE BEGIN SRAM_MspInit 1 */
 481:Core/Src/stm32f4xx_hal_msp.c **** 
 482:Core/Src/stm32f4xx_hal_msp.c ****   /* USER CODE END SRAM_MspInit 1 */
 483:Core/Src/stm32f4xx_hal_msp.c **** }
 484:Core/Src/stm32f4xx_hal_msp.c **** 
 485:Core/Src/stm32f4xx_hal_msp.c **** static uint32_t FSMC_DeInitialized = 0;
 486:Core/Src/stm32f4xx_hal_msp.c **** 
 487:Core/Src/stm32f4xx_hal_msp.c **** static void HAL_FSMC_MspDeInit(void){
 170              		.loc 1 487 0
 171              		.cfi_startproc
 172              		@ args = 0, pretend = 0, frame = 0
 173              		@ frame_needed = 0, uses_anonymous_args = 0
 174 0000 08B5     		push	{r3, lr}
 175              	.LCFI4:
ARM GAS  /tmp/ccf0eNpi.s 			page 13


 176              		.cfi_def_cfa_offset 8
 177              		.cfi_offset 3, -8
 178              		.cfi_offset 14, -4
 488:Core/Src/stm32f4xx_hal_msp.c ****   /* USER CODE BEGIN FSMC_MspDeInit 0 */
 489:Core/Src/stm32f4xx_hal_msp.c **** 
 490:Core/Src/stm32f4xx_hal_msp.c ****   /* USER CODE END FSMC_MspDeInit 0 */
 491:Core/Src/stm32f4xx_hal_msp.c ****   if (FSMC_DeInitialized) {
 179              		.loc 1 491 0
 180 0002 0D4B     		ldr	r3, .L12
 181 0004 1B68     		ldr	r3, [r3]
 182 0006 03B1     		cbz	r3, .L11
 183              	.L8:
 492:Core/Src/stm32f4xx_hal_msp.c ****     return;
 493:Core/Src/stm32f4xx_hal_msp.c ****   }
 494:Core/Src/stm32f4xx_hal_msp.c ****   FSMC_DeInitialized = 1;
 495:Core/Src/stm32f4xx_hal_msp.c ****   /* Peripheral clock enable */
 496:Core/Src/stm32f4xx_hal_msp.c ****   __HAL_RCC_FSMC_CLK_DISABLE();
 497:Core/Src/stm32f4xx_hal_msp.c **** 
 498:Core/Src/stm32f4xx_hal_msp.c ****   /** FSMC GPIO Configuration
 499:Core/Src/stm32f4xx_hal_msp.c ****   PC2   ------> FSMC_NWE
 500:Core/Src/stm32f4xx_hal_msp.c ****   PC3   ------> FSMC_A0
 501:Core/Src/stm32f4xx_hal_msp.c ****   PA2   ------> FSMC_D4
 502:Core/Src/stm32f4xx_hal_msp.c ****   PA3   ------> FSMC_D5
 503:Core/Src/stm32f4xx_hal_msp.c ****   PA4   ------> FSMC_D6
 504:Core/Src/stm32f4xx_hal_msp.c ****   PA5   ------> FSMC_D7
 505:Core/Src/stm32f4xx_hal_msp.c ****   PC4   ------> FSMC_NE4
 506:Core/Src/stm32f4xx_hal_msp.c ****   PC5   ------> FSMC_NOE
 507:Core/Src/stm32f4xx_hal_msp.c ****   PB14   ------> FSMC_D0
 508:Core/Src/stm32f4xx_hal_msp.c ****   PC6   ------> FSMC_D1
 509:Core/Src/stm32f4xx_hal_msp.c ****   PC11   ------> FSMC_D2
 510:Core/Src/stm32f4xx_hal_msp.c ****   PC12   ------> FSMC_D3
 511:Core/Src/stm32f4xx_hal_msp.c ****   */
 512:Core/Src/stm32f4xx_hal_msp.c ****   HAL_GPIO_DeInit(GPIOC, GPIO_PIN_2|GPIO_PIN_3|GPIO_PIN_4|GPIO_PIN_5
 513:Core/Src/stm32f4xx_hal_msp.c ****                           |GPIO_PIN_6|GPIO_PIN_11|GPIO_PIN_12);
 514:Core/Src/stm32f4xx_hal_msp.c **** 
 515:Core/Src/stm32f4xx_hal_msp.c ****   HAL_GPIO_DeInit(GPIOA, GPIO_PIN_2|GPIO_PIN_3|GPIO_PIN_4|GPIO_PIN_5);
 516:Core/Src/stm32f4xx_hal_msp.c **** 
 517:Core/Src/stm32f4xx_hal_msp.c ****   HAL_GPIO_DeInit(GPIOB, GPIO_PIN_14);
 518:Core/Src/stm32f4xx_hal_msp.c **** 
 519:Core/Src/stm32f4xx_hal_msp.c ****   /* USER CODE BEGIN FSMC_MspDeInit 1 */
 520:Core/Src/stm32f4xx_hal_msp.c **** 
 521:Core/Src/stm32f4xx_hal_msp.c ****   /* USER CODE END FSMC_MspDeInit 1 */
 522:Core/Src/stm32f4xx_hal_msp.c **** }
 184              		.loc 1 522 0
 185 0008 08BD     		pop	{r3, pc}
 186              	.L11:
 494:Core/Src/stm32f4xx_hal_msp.c ****   /* Peripheral clock enable */
 187              		.loc 1 494 0
 188 000a 0B4B     		ldr	r3, .L12
 189 000c 0122     		movs	r2, #1
 190 000e 1A60     		str	r2, [r3]
 496:Core/Src/stm32f4xx_hal_msp.c **** 
 191              		.loc 1 496 0
 192 0010 0A4A     		ldr	r2, .L12+4
 193 0012 936B     		ldr	r3, [r2, #56]
 194 0014 23F00103 		bic	r3, r3, #1
 195 0018 9363     		str	r3, [r2, #56]
ARM GAS  /tmp/ccf0eNpi.s 			page 14


 512:Core/Src/stm32f4xx_hal_msp.c ****                           |GPIO_PIN_6|GPIO_PIN_11|GPIO_PIN_12);
 196              		.loc 1 512 0
 197 001a 41F67C01 		movw	r1, #6268
 198 001e 0848     		ldr	r0, .L12+8
 199 0020 FFF7FEFF 		bl	HAL_GPIO_DeInit
 200              	.LVL4:
 515:Core/Src/stm32f4xx_hal_msp.c **** 
 201              		.loc 1 515 0
 202 0024 3C21     		movs	r1, #60
 203 0026 0748     		ldr	r0, .L12+12
 204 0028 FFF7FEFF 		bl	HAL_GPIO_DeInit
 205              	.LVL5:
 517:Core/Src/stm32f4xx_hal_msp.c **** 
 206              		.loc 1 517 0
 207 002c 4FF48041 		mov	r1, #16384
 208 0030 0548     		ldr	r0, .L12+16
 209 0032 FFF7FEFF 		bl	HAL_GPIO_DeInit
 210              	.LVL6:
 211 0036 E7E7     		b	.L8
 212              	.L13:
 213              		.align	2
 214              	.L12:
 215 0038 00000000 		.word	.LANCHOR1
 216 003c 00380240 		.word	1073887232
 217 0040 00080240 		.word	1073874944
 218 0044 00000240 		.word	1073872896
 219 0048 00040240 		.word	1073873920
 220              		.cfi_endproc
 221              	.LFE141:
 223              		.section	.text.HAL_MspInit,"ax",%progbits
 224              		.align	1
 225              		.global	HAL_MspInit
 226              		.syntax unified
 227              		.thumb
 228              		.thumb_func
 229              		.fpu fpv4-sp-d16
 231              	HAL_MspInit:
 232              	.LFB130:
  70:Core/Src/stm32f4xx_hal_msp.c ****   /* USER CODE BEGIN MspInit 0 */
 233              		.loc 1 70 0
 234              		.cfi_startproc
 235              		@ args = 0, pretend = 0, frame = 8
 236              		@ frame_needed = 0, uses_anonymous_args = 0
 237              		@ link register save eliminated.
 238 0000 82B0     		sub	sp, sp, #8
 239              	.LCFI5:
 240              		.cfi_def_cfa_offset 8
 241              	.LBB3:
  75:Core/Src/stm32f4xx_hal_msp.c ****   __HAL_RCC_PWR_CLK_ENABLE();
 242              		.loc 1 75 0
 243 0002 0021     		movs	r1, #0
 244 0004 0091     		str	r1, [sp]
 245 0006 0B4B     		ldr	r3, .L16
 246 0008 5A6C     		ldr	r2, [r3, #68]
 247 000a 42F48042 		orr	r2, r2, #16384
 248 000e 5A64     		str	r2, [r3, #68]
 249 0010 5A6C     		ldr	r2, [r3, #68]
ARM GAS  /tmp/ccf0eNpi.s 			page 15


 250 0012 02F48042 		and	r2, r2, #16384
 251 0016 0092     		str	r2, [sp]
 252 0018 009A     		ldr	r2, [sp]
 253              	.LBE3:
 254              	.LBB4:
  76:Core/Src/stm32f4xx_hal_msp.c **** 
 255              		.loc 1 76 0
 256 001a 0191     		str	r1, [sp, #4]
 257 001c 1A6C     		ldr	r2, [r3, #64]
 258 001e 42F08052 		orr	r2, r2, #268435456
 259 0022 1A64     		str	r2, [r3, #64]
 260 0024 1B6C     		ldr	r3, [r3, #64]
 261 0026 03F08053 		and	r3, r3, #268435456
 262 002a 0193     		str	r3, [sp, #4]
 263 002c 019B     		ldr	r3, [sp, #4]
 264              	.LBE4:
  83:Core/Src/stm32f4xx_hal_msp.c **** 
 265              		.loc 1 83 0
 266 002e 02B0     		add	sp, sp, #8
 267              	.LCFI6:
 268              		.cfi_def_cfa_offset 0
 269              		@ sp needed
 270 0030 7047     		bx	lr
 271              	.L17:
 272 0032 00BF     		.align	2
 273              	.L16:
 274 0034 00380240 		.word	1073887232
 275              		.cfi_endproc
 276              	.LFE130:
 278              		.section	.text.HAL_ADC_MspInit,"ax",%progbits
 279              		.align	1
 280              		.global	HAL_ADC_MspInit
 281              		.syntax unified
 282              		.thumb
 283              		.thumb_func
 284              		.fpu fpv4-sp-d16
 286              	HAL_ADC_MspInit:
 287              	.LFB131:
  92:Core/Src/stm32f4xx_hal_msp.c ****   GPIO_InitTypeDef GPIO_InitStruct = {0};
 288              		.loc 1 92 0
 289              		.cfi_startproc
 290              		@ args = 0, pretend = 0, frame = 32
 291              		@ frame_needed = 0, uses_anonymous_args = 0
 292              	.LVL7:
 293 0000 30B5     		push	{r4, r5, lr}
 294              	.LCFI7:
 295              		.cfi_def_cfa_offset 12
 296              		.cfi_offset 4, -12
 297              		.cfi_offset 5, -8
 298              		.cfi_offset 14, -4
 299 0002 89B0     		sub	sp, sp, #36
 300              	.LCFI8:
 301              		.cfi_def_cfa_offset 48
  93:Core/Src/stm32f4xx_hal_msp.c ****   if(hadc->Instance==ADC1)
 302              		.loc 1 93 0
 303 0004 0023     		movs	r3, #0
 304 0006 0393     		str	r3, [sp, #12]
ARM GAS  /tmp/ccf0eNpi.s 			page 16


 305 0008 0493     		str	r3, [sp, #16]
 306 000a 0593     		str	r3, [sp, #20]
 307 000c 0693     		str	r3, [sp, #24]
 308 000e 0793     		str	r3, [sp, #28]
  94:Core/Src/stm32f4xx_hal_msp.c ****   {
 309              		.loc 1 94 0
 310 0010 0268     		ldr	r2, [r0]
 311 0012 03F18043 		add	r3, r3, #1073741824
 312 0016 03F59033 		add	r3, r3, #73728
 313 001a 9A42     		cmp	r2, r3
 314 001c 01D0     		beq	.L22
 315              	.LVL8:
 316              	.L18:
 136:Core/Src/stm32f4xx_hal_msp.c **** 
 317              		.loc 1 136 0
 318 001e 09B0     		add	sp, sp, #36
 319              	.LCFI9:
 320              		.cfi_remember_state
 321              		.cfi_def_cfa_offset 12
 322              		@ sp needed
 323 0020 30BD     		pop	{r4, r5, pc}
 324              	.LVL9:
 325              	.L22:
 326              	.LCFI10:
 327              		.cfi_restore_state
 328 0022 0446     		mov	r4, r0
 329              	.LBB5:
 100:Core/Src/stm32f4xx_hal_msp.c **** 
 330              		.loc 1 100 0
 331 0024 0025     		movs	r5, #0
 332 0026 0195     		str	r5, [sp, #4]
 333 0028 03F58C33 		add	r3, r3, #71680
 334 002c 5A6C     		ldr	r2, [r3, #68]
 335 002e 42F48072 		orr	r2, r2, #256
 336 0032 5A64     		str	r2, [r3, #68]
 337 0034 5A6C     		ldr	r2, [r3, #68]
 338 0036 02F48072 		and	r2, r2, #256
 339 003a 0192     		str	r2, [sp, #4]
 340 003c 019A     		ldr	r2, [sp, #4]
 341              	.LBE5:
 342              	.LBB6:
 102:Core/Src/stm32f4xx_hal_msp.c ****     /**ADC1 GPIO Configuration
 343              		.loc 1 102 0
 344 003e 0295     		str	r5, [sp, #8]
 345 0040 1A6B     		ldr	r2, [r3, #48]
 346 0042 42F00102 		orr	r2, r2, #1
 347 0046 1A63     		str	r2, [r3, #48]
 348 0048 1B6B     		ldr	r3, [r3, #48]
 349 004a 03F00103 		and	r3, r3, #1
 350 004e 0293     		str	r3, [sp, #8]
 351 0050 029B     		ldr	r3, [sp, #8]
 352              	.LBE6:
 107:Core/Src/stm32f4xx_hal_msp.c ****     GPIO_InitStruct.Mode = GPIO_MODE_ANALOG;
 353              		.loc 1 107 0
 354 0052 0323     		movs	r3, #3
 355 0054 0393     		str	r3, [sp, #12]
 108:Core/Src/stm32f4xx_hal_msp.c ****     GPIO_InitStruct.Pull = GPIO_NOPULL;
ARM GAS  /tmp/ccf0eNpi.s 			page 17


 356              		.loc 1 108 0
 357 0056 0493     		str	r3, [sp, #16]
 110:Core/Src/stm32f4xx_hal_msp.c **** 
 358              		.loc 1 110 0
 359 0058 03A9     		add	r1, sp, #12
 360 005a 1048     		ldr	r0, .L24
 361              	.LVL10:
 362 005c FFF7FEFF 		bl	HAL_GPIO_Init
 363              	.LVL11:
 114:Core/Src/stm32f4xx_hal_msp.c ****     hdma_adc1.Init.Channel = DMA_CHANNEL_0;
 364              		.loc 1 114 0
 365 0060 0F48     		ldr	r0, .L24+4
 366 0062 104B     		ldr	r3, .L24+8
 367 0064 0360     		str	r3, [r0]
 115:Core/Src/stm32f4xx_hal_msp.c ****     hdma_adc1.Init.Direction = DMA_PERIPH_TO_MEMORY;
 368              		.loc 1 115 0
 369 0066 4560     		str	r5, [r0, #4]
 116:Core/Src/stm32f4xx_hal_msp.c ****     hdma_adc1.Init.PeriphInc = DMA_PINC_DISABLE;
 370              		.loc 1 116 0
 371 0068 8560     		str	r5, [r0, #8]
 117:Core/Src/stm32f4xx_hal_msp.c ****     hdma_adc1.Init.MemInc = DMA_MINC_ENABLE;
 372              		.loc 1 117 0
 373 006a C560     		str	r5, [r0, #12]
 118:Core/Src/stm32f4xx_hal_msp.c ****     hdma_adc1.Init.PeriphDataAlignment = DMA_PDATAALIGN_HALFWORD;
 374              		.loc 1 118 0
 375 006c 4FF48063 		mov	r3, #1024
 376 0070 0361     		str	r3, [r0, #16]
 119:Core/Src/stm32f4xx_hal_msp.c ****     hdma_adc1.Init.MemDataAlignment = DMA_MDATAALIGN_HALFWORD;
 377              		.loc 1 119 0
 378 0072 4FF40063 		mov	r3, #2048
 379 0076 4361     		str	r3, [r0, #20]
 120:Core/Src/stm32f4xx_hal_msp.c ****     hdma_adc1.Init.Mode = DMA_CIRCULAR;
 380              		.loc 1 120 0
 381 0078 4FF40053 		mov	r3, #8192
 382 007c 8361     		str	r3, [r0, #24]
 121:Core/Src/stm32f4xx_hal_msp.c ****     hdma_adc1.Init.Priority = DMA_PRIORITY_LOW;
 383              		.loc 1 121 0
 384 007e 4FF48073 		mov	r3, #256
 385 0082 C361     		str	r3, [r0, #28]
 122:Core/Src/stm32f4xx_hal_msp.c ****     hdma_adc1.Init.FIFOMode = DMA_FIFOMODE_DISABLE;
 386              		.loc 1 122 0
 387 0084 0562     		str	r5, [r0, #32]
 123:Core/Src/stm32f4xx_hal_msp.c ****     if (HAL_DMA_Init(&hdma_adc1) != HAL_OK)
 388              		.loc 1 123 0
 389 0086 4562     		str	r5, [r0, #36]
 124:Core/Src/stm32f4xx_hal_msp.c ****     {
 390              		.loc 1 124 0
 391 0088 FFF7FEFF 		bl	HAL_DMA_Init
 392              	.LVL12:
 393 008c 18B9     		cbnz	r0, .L23
 394              	.L20:
 129:Core/Src/stm32f4xx_hal_msp.c **** 
 395              		.loc 1 129 0
 396 008e 044B     		ldr	r3, .L24+4
 397 0090 A363     		str	r3, [r4, #56]
 398 0092 9C63     		str	r4, [r3, #56]
 136:Core/Src/stm32f4xx_hal_msp.c **** 
ARM GAS  /tmp/ccf0eNpi.s 			page 18


 399              		.loc 1 136 0
 400 0094 C3E7     		b	.L18
 401              	.L23:
 126:Core/Src/stm32f4xx_hal_msp.c ****     }
 402              		.loc 1 126 0
 403 0096 FFF7FEFF 		bl	Error_Handler
 404              	.LVL13:
 405 009a F8E7     		b	.L20
 406              	.L25:
 407              		.align	2
 408              	.L24:
 409 009c 00000240 		.word	1073872896
 410 00a0 00000000 		.word	hdma_adc1
 411 00a4 10640240 		.word	1073898512
 412              		.cfi_endproc
 413              	.LFE131:
 415              		.section	.text.HAL_ADC_MspDeInit,"ax",%progbits
 416              		.align	1
 417              		.global	HAL_ADC_MspDeInit
 418              		.syntax unified
 419              		.thumb
 420              		.thumb_func
 421              		.fpu fpv4-sp-d16
 423              	HAL_ADC_MspDeInit:
 424              	.LFB132:
 145:Core/Src/stm32f4xx_hal_msp.c ****   if(hadc->Instance==ADC1)
 425              		.loc 1 145 0
 426              		.cfi_startproc
 427              		@ args = 0, pretend = 0, frame = 0
 428              		@ frame_needed = 0, uses_anonymous_args = 0
 429              	.LVL14:
 146:Core/Src/stm32f4xx_hal_msp.c ****   {
 430              		.loc 1 146 0
 431 0000 0268     		ldr	r2, [r0]
 432 0002 094B     		ldr	r3, .L33
 433 0004 9A42     		cmp	r2, r3
 434 0006 00D0     		beq	.L32
 435 0008 7047     		bx	lr
 436              	.L32:
 145:Core/Src/stm32f4xx_hal_msp.c ****   if(hadc->Instance==ADC1)
 437              		.loc 1 145 0
 438 000a 10B5     		push	{r4, lr}
 439              	.LCFI11:
 440              		.cfi_def_cfa_offset 8
 441              		.cfi_offset 4, -8
 442              		.cfi_offset 14, -4
 443 000c 0446     		mov	r4, r0
 152:Core/Src/stm32f4xx_hal_msp.c **** 
 444              		.loc 1 152 0
 445 000e 074A     		ldr	r2, .L33+4
 446 0010 536C     		ldr	r3, [r2, #68]
 447 0012 23F48073 		bic	r3, r3, #256
 448 0016 5364     		str	r3, [r2, #68]
 158:Core/Src/stm32f4xx_hal_msp.c **** 
 449              		.loc 1 158 0
 450 0018 0321     		movs	r1, #3
 451 001a 0548     		ldr	r0, .L33+8
ARM GAS  /tmp/ccf0eNpi.s 			page 19


 452              	.LVL15:
 453 001c FFF7FEFF 		bl	HAL_GPIO_DeInit
 454              	.LVL16:
 161:Core/Src/stm32f4xx_hal_msp.c ****   /* USER CODE BEGIN ADC1_MspDeInit 1 */
 455              		.loc 1 161 0
 456 0020 A06B     		ldr	r0, [r4, #56]
 457 0022 FFF7FEFF 		bl	HAL_DMA_DeInit
 458              	.LVL17:
 167:Core/Src/stm32f4xx_hal_msp.c **** 
 459              		.loc 1 167 0
 460 0026 10BD     		pop	{r4, pc}
 461              	.LVL18:
 462              	.L34:
 463              		.align	2
 464              	.L33:
 465 0028 00200140 		.word	1073815552
 466 002c 00380240 		.word	1073887232
 467 0030 00000240 		.word	1073872896
 468              		.cfi_endproc
 469              	.LFE132:
 471              		.section	.text.HAL_I2C_MspInit,"ax",%progbits
 472              		.align	1
 473              		.global	HAL_I2C_MspInit
 474              		.syntax unified
 475              		.thumb
 476              		.thumb_func
 477              		.fpu fpv4-sp-d16
 479              	HAL_I2C_MspInit:
 480              	.LFB133:
 176:Core/Src/stm32f4xx_hal_msp.c ****   GPIO_InitTypeDef GPIO_InitStruct = {0};
 481              		.loc 1 176 0
 482              		.cfi_startproc
 483              		@ args = 0, pretend = 0, frame = 32
 484              		@ frame_needed = 0, uses_anonymous_args = 0
 485              	.LVL19:
 486 0000 2DE9F043 		push	{r4, r5, r6, r7, r8, r9, lr}
 487              	.LCFI12:
 488              		.cfi_def_cfa_offset 28
 489              		.cfi_offset 4, -28
 490              		.cfi_offset 5, -24
 491              		.cfi_offset 6, -20
 492              		.cfi_offset 7, -16
 493              		.cfi_offset 8, -12
 494              		.cfi_offset 9, -8
 495              		.cfi_offset 14, -4
 496 0004 89B0     		sub	sp, sp, #36
 497              	.LCFI13:
 498              		.cfi_def_cfa_offset 64
 177:Core/Src/stm32f4xx_hal_msp.c ****   if(hi2c->Instance==I2C3)
 499              		.loc 1 177 0
 500 0006 0023     		movs	r3, #0
 501 0008 0393     		str	r3, [sp, #12]
 502 000a 0493     		str	r3, [sp, #16]
 503 000c 0593     		str	r3, [sp, #20]
 504 000e 0693     		str	r3, [sp, #24]
 505 0010 0793     		str	r3, [sp, #28]
 178:Core/Src/stm32f4xx_hal_msp.c ****   {
ARM GAS  /tmp/ccf0eNpi.s 			page 20


 506              		.loc 1 178 0
 507 0012 0268     		ldr	r2, [r0]
 508 0014 2B4B     		ldr	r3, .L39
 509 0016 9A42     		cmp	r2, r3
 510 0018 02D0     		beq	.L38
 511              	.LVL20:
 512              	.L35:
 216:Core/Src/stm32f4xx_hal_msp.c **** 
 513              		.loc 1 216 0
 514 001a 09B0     		add	sp, sp, #36
 515              	.LCFI14:
 516              		.cfi_remember_state
 517              		.cfi_def_cfa_offset 28
 518              		@ sp needed
 519 001c BDE8F083 		pop	{r4, r5, r6, r7, r8, r9, pc}
 520              	.LVL21:
 521              	.L38:
 522              	.LCFI15:
 523              		.cfi_restore_state
 524              	.LBB7:
 184:Core/Src/stm32f4xx_hal_msp.c ****     __HAL_RCC_GPIOA_CLK_ENABLE();
 525              		.loc 1 184 0
 526 0020 0025     		movs	r5, #0
 527 0022 0095     		str	r5, [sp]
 528 0024 284C     		ldr	r4, .L39+4
 529 0026 236B     		ldr	r3, [r4, #48]
 530 0028 43F00403 		orr	r3, r3, #4
 531 002c 2363     		str	r3, [r4, #48]
 532 002e 236B     		ldr	r3, [r4, #48]
 533 0030 03F00403 		and	r3, r3, #4
 534 0034 0093     		str	r3, [sp]
 535 0036 009B     		ldr	r3, [sp]
 536              	.LBE7:
 537              	.LBB8:
 185:Core/Src/stm32f4xx_hal_msp.c ****     /**I2C3 GPIO Configuration
 538              		.loc 1 185 0
 539 0038 0195     		str	r5, [sp, #4]
 540 003a 236B     		ldr	r3, [r4, #48]
 541 003c 43F00103 		orr	r3, r3, #1
 542 0040 2363     		str	r3, [r4, #48]
 543 0042 236B     		ldr	r3, [r4, #48]
 544 0044 03F00103 		and	r3, r3, #1
 545 0048 0193     		str	r3, [sp, #4]
 546 004a 019B     		ldr	r3, [sp, #4]
 547              	.LBE8:
 190:Core/Src/stm32f4xx_hal_msp.c ****     GPIO_InitStruct.Mode = GPIO_MODE_AF_OD;
 548              		.loc 1 190 0
 549 004c 4FF40073 		mov	r3, #512
 550 0050 0393     		str	r3, [sp, #12]
 191:Core/Src/stm32f4xx_hal_msp.c ****     GPIO_InitStruct.Pull = GPIO_PULLUP;
 551              		.loc 1 191 0
 552 0052 4FF01209 		mov	r9, #18
 553 0056 CDF81090 		str	r9, [sp, #16]
 192:Core/Src/stm32f4xx_hal_msp.c ****     GPIO_InitStruct.Speed = GPIO_SPEED_FREQ_VERY_HIGH;
 554              		.loc 1 192 0
 555 005a 4FF00108 		mov	r8, #1
 556 005e CDF81480 		str	r8, [sp, #20]
ARM GAS  /tmp/ccf0eNpi.s 			page 21


 193:Core/Src/stm32f4xx_hal_msp.c ****     GPIO_InitStruct.Alternate = GPIO_AF4_I2C3;
 557              		.loc 1 193 0
 558 0062 0327     		movs	r7, #3
 559 0064 0697     		str	r7, [sp, #24]
 194:Core/Src/stm32f4xx_hal_msp.c ****     HAL_GPIO_Init(GPIOC, &GPIO_InitStruct);
 560              		.loc 1 194 0
 561 0066 0426     		movs	r6, #4
 562 0068 0796     		str	r6, [sp, #28]
 195:Core/Src/stm32f4xx_hal_msp.c **** 
 563              		.loc 1 195 0
 564 006a 03A9     		add	r1, sp, #12
 565 006c 1748     		ldr	r0, .L39+8
 566              	.LVL22:
 567 006e FFF7FEFF 		bl	HAL_GPIO_Init
 568              	.LVL23:
 197:Core/Src/stm32f4xx_hal_msp.c ****     GPIO_InitStruct.Mode = GPIO_MODE_AF_OD;
 569              		.loc 1 197 0
 570 0072 4FF48073 		mov	r3, #256
 571 0076 0393     		str	r3, [sp, #12]
 198:Core/Src/stm32f4xx_hal_msp.c ****     GPIO_InitStruct.Pull = GPIO_PULLUP;
 572              		.loc 1 198 0
 573 0078 CDF81090 		str	r9, [sp, #16]
 199:Core/Src/stm32f4xx_hal_msp.c ****     GPIO_InitStruct.Speed = GPIO_SPEED_FREQ_VERY_HIGH;
 574              		.loc 1 199 0
 575 007c CDF81480 		str	r8, [sp, #20]
 200:Core/Src/stm32f4xx_hal_msp.c ****     GPIO_InitStruct.Alternate = GPIO_AF4_I2C3;
 576              		.loc 1 200 0
 577 0080 0697     		str	r7, [sp, #24]
 201:Core/Src/stm32f4xx_hal_msp.c ****     HAL_GPIO_Init(GPIOA, &GPIO_InitStruct);
 578              		.loc 1 201 0
 579 0082 0796     		str	r6, [sp, #28]
 202:Core/Src/stm32f4xx_hal_msp.c **** 
 580              		.loc 1 202 0
 581 0084 03A9     		add	r1, sp, #12
 582 0086 1248     		ldr	r0, .L39+12
 583 0088 FFF7FEFF 		bl	HAL_GPIO_Init
 584              	.LVL24:
 585              	.LBB9:
 205:Core/Src/stm32f4xx_hal_msp.c ****     /* I2C3 interrupt Init */
 586              		.loc 1 205 0
 587 008c 0295     		str	r5, [sp, #8]
 588 008e 236C     		ldr	r3, [r4, #64]
 589 0090 43F40003 		orr	r3, r3, #8388608
 590 0094 2364     		str	r3, [r4, #64]
 591 0096 236C     		ldr	r3, [r4, #64]
 592 0098 03F40003 		and	r3, r3, #8388608
 593 009c 0293     		str	r3, [sp, #8]
 594 009e 029B     		ldr	r3, [sp, #8]
 595              	.LBE9:
 207:Core/Src/stm32f4xx_hal_msp.c ****     HAL_NVIC_EnableIRQ(I2C3_EV_IRQn);
 596              		.loc 1 207 0
 597 00a0 2A46     		mov	r2, r5
 598 00a2 2946     		mov	r1, r5
 599 00a4 4820     		movs	r0, #72
 600 00a6 FFF7FEFF 		bl	HAL_NVIC_SetPriority
 601              	.LVL25:
 208:Core/Src/stm32f4xx_hal_msp.c ****     HAL_NVIC_SetPriority(I2C3_ER_IRQn, 0, 0);
ARM GAS  /tmp/ccf0eNpi.s 			page 22


 602              		.loc 1 208 0
 603 00aa 4820     		movs	r0, #72
 604 00ac FFF7FEFF 		bl	HAL_NVIC_EnableIRQ
 605              	.LVL26:
 209:Core/Src/stm32f4xx_hal_msp.c ****     HAL_NVIC_EnableIRQ(I2C3_ER_IRQn);
 606              		.loc 1 209 0
 607 00b0 2A46     		mov	r2, r5
 608 00b2 2946     		mov	r1, r5
 609 00b4 4920     		movs	r0, #73
 610 00b6 FFF7FEFF 		bl	HAL_NVIC_SetPriority
 611              	.LVL27:
 210:Core/Src/stm32f4xx_hal_msp.c ****   /* USER CODE BEGIN I2C3_MspInit 1 */
 612              		.loc 1 210 0
 613 00ba 4920     		movs	r0, #73
 614 00bc FFF7FEFF 		bl	HAL_NVIC_EnableIRQ
 615              	.LVL28:
 216:Core/Src/stm32f4xx_hal_msp.c **** 
 616              		.loc 1 216 0
 617 00c0 ABE7     		b	.L35
 618              	.L40:
 619 00c2 00BF     		.align	2
 620              	.L39:
 621 00c4 005C0040 		.word	1073765376
 622 00c8 00380240 		.word	1073887232
 623 00cc 00080240 		.word	1073874944
 624 00d0 00000240 		.word	1073872896
 625              		.cfi_endproc
 626              	.LFE133:
 628              		.section	.text.HAL_I2C_MspDeInit,"ax",%progbits
 629              		.align	1
 630              		.global	HAL_I2C_MspDeInit
 631              		.syntax unified
 632              		.thumb
 633              		.thumb_func
 634              		.fpu fpv4-sp-d16
 636              	HAL_I2C_MspDeInit:
 637              	.LFB134:
 225:Core/Src/stm32f4xx_hal_msp.c ****   if(hi2c->Instance==I2C3)
 638              		.loc 1 225 0
 639              		.cfi_startproc
 640              		@ args = 0, pretend = 0, frame = 0
 641              		@ frame_needed = 0, uses_anonymous_args = 0
 642              	.LVL29:
 643 0000 08B5     		push	{r3, lr}
 644              	.LCFI16:
 645              		.cfi_def_cfa_offset 8
 646              		.cfi_offset 3, -8
 647              		.cfi_offset 14, -4
 226:Core/Src/stm32f4xx_hal_msp.c ****   {
 648              		.loc 1 226 0
 649 0002 0268     		ldr	r2, [r0]
 650 0004 0C4B     		ldr	r3, .L45
 651 0006 9A42     		cmp	r2, r3
 652 0008 00D0     		beq	.L44
 653              	.LVL30:
 654              	.L41:
 250:Core/Src/stm32f4xx_hal_msp.c **** 
ARM GAS  /tmp/ccf0eNpi.s 			page 23


 655              		.loc 1 250 0
 656 000a 08BD     		pop	{r3, pc}
 657              	.LVL31:
 658              	.L44:
 232:Core/Src/stm32f4xx_hal_msp.c **** 
 659              		.loc 1 232 0
 660 000c 0B4A     		ldr	r2, .L45+4
 661 000e 136C     		ldr	r3, [r2, #64]
 662 0010 23F40003 		bic	r3, r3, #8388608
 663 0014 1364     		str	r3, [r2, #64]
 238:Core/Src/stm32f4xx_hal_msp.c **** 
 664              		.loc 1 238 0
 665 0016 4FF40071 		mov	r1, #512
 666 001a 0948     		ldr	r0, .L45+8
 667              	.LVL32:
 668 001c FFF7FEFF 		bl	HAL_GPIO_DeInit
 669              	.LVL33:
 240:Core/Src/stm32f4xx_hal_msp.c **** 
 670              		.loc 1 240 0
 671 0020 4FF48071 		mov	r1, #256
 672 0024 0748     		ldr	r0, .L45+12
 673 0026 FFF7FEFF 		bl	HAL_GPIO_DeInit
 674              	.LVL34:
 243:Core/Src/stm32f4xx_hal_msp.c ****     HAL_NVIC_DisableIRQ(I2C3_ER_IRQn);
 675              		.loc 1 243 0
 676 002a 4820     		movs	r0, #72
 677 002c FFF7FEFF 		bl	HAL_NVIC_DisableIRQ
 678              	.LVL35:
 244:Core/Src/stm32f4xx_hal_msp.c ****   /* USER CODE BEGIN I2C3_MspDeInit 1 */
 679              		.loc 1 244 0
 680 0030 4920     		movs	r0, #73
 681 0032 FFF7FEFF 		bl	HAL_NVIC_DisableIRQ
 682              	.LVL36:
 250:Core/Src/stm32f4xx_hal_msp.c **** 
 683              		.loc 1 250 0
 684 0036 E8E7     		b	.L41
 685              	.L46:
 686              		.align	2
 687              	.L45:
 688 0038 005C0040 		.word	1073765376
 689 003c 00380240 		.word	1073887232
 690 0040 00080240 		.word	1073874944
 691 0044 00000240 		.word	1073872896
 692              		.cfi_endproc
 693              	.LFE134:
 695              		.section	.text.HAL_TIM_OC_MspInit,"ax",%progbits
 696              		.align	1
 697              		.global	HAL_TIM_OC_MspInit
 698              		.syntax unified
 699              		.thumb
 700              		.thumb_func
 701              		.fpu fpv4-sp-d16
 703              	HAL_TIM_OC_MspInit:
 704              	.LFB135:
 259:Core/Src/stm32f4xx_hal_msp.c ****   if(htim_oc->Instance==TIM3)
 705              		.loc 1 259 0
 706              		.cfi_startproc
ARM GAS  /tmp/ccf0eNpi.s 			page 24


 707              		@ args = 0, pretend = 0, frame = 8
 708              		@ frame_needed = 0, uses_anonymous_args = 0
 709              	.LVL37:
 260:Core/Src/stm32f4xx_hal_msp.c ****   {
 710              		.loc 1 260 0
 711 0000 0268     		ldr	r2, [r0]
 712 0002 0E4B     		ldr	r3, .L54
 713 0004 9A42     		cmp	r2, r3
 714 0006 00D0     		beq	.L53
 715 0008 7047     		bx	lr
 716              	.L53:
 259:Core/Src/stm32f4xx_hal_msp.c ****   if(htim_oc->Instance==TIM3)
 717              		.loc 1 259 0
 718 000a 00B5     		push	{lr}
 719              	.LCFI17:
 720              		.cfi_def_cfa_offset 4
 721              		.cfi_offset 14, -4
 722 000c 83B0     		sub	sp, sp, #12
 723              	.LCFI18:
 724              		.cfi_def_cfa_offset 16
 725              	.LBB10:
 266:Core/Src/stm32f4xx_hal_msp.c ****     /* TIM3 interrupt Init */
 726              		.loc 1 266 0
 727 000e 0021     		movs	r1, #0
 728 0010 0191     		str	r1, [sp, #4]
 729 0012 03F50D33 		add	r3, r3, #144384
 730 0016 1A6C     		ldr	r2, [r3, #64]
 731 0018 42F00202 		orr	r2, r2, #2
 732 001c 1A64     		str	r2, [r3, #64]
 733 001e 1B6C     		ldr	r3, [r3, #64]
 734 0020 03F00203 		and	r3, r3, #2
 735 0024 0193     		str	r3, [sp, #4]
 736 0026 019B     		ldr	r3, [sp, #4]
 737              	.LBE10:
 268:Core/Src/stm32f4xx_hal_msp.c ****     HAL_NVIC_EnableIRQ(TIM3_IRQn);
 738              		.loc 1 268 0
 739 0028 0A46     		mov	r2, r1
 740 002a 1D20     		movs	r0, #29
 741              	.LVL38:
 742 002c FFF7FEFF 		bl	HAL_NVIC_SetPriority
 743              	.LVL39:
 269:Core/Src/stm32f4xx_hal_msp.c ****   /* USER CODE BEGIN TIM3_MspInit 1 */
 744              		.loc 1 269 0
 745 0030 1D20     		movs	r0, #29
 746 0032 FFF7FEFF 		bl	HAL_NVIC_EnableIRQ
 747              	.LVL40:
 275:Core/Src/stm32f4xx_hal_msp.c **** 
 748              		.loc 1 275 0
 749 0036 03B0     		add	sp, sp, #12
 750              	.LCFI19:
 751              		.cfi_def_cfa_offset 4
 752              		@ sp needed
 753 0038 5DF804FB 		ldr	pc, [sp], #4
 754              	.L55:
 755              		.align	2
 756              	.L54:
 757 003c 00040040 		.word	1073742848
ARM GAS  /tmp/ccf0eNpi.s 			page 25


 758              		.cfi_endproc
 759              	.LFE135:
 761              		.section	.text.HAL_TIM_OC_MspDeInit,"ax",%progbits
 762              		.align	1
 763              		.global	HAL_TIM_OC_MspDeInit
 764              		.syntax unified
 765              		.thumb
 766              		.thumb_func
 767              		.fpu fpv4-sp-d16
 769              	HAL_TIM_OC_MspDeInit:
 770              	.LFB136:
 284:Core/Src/stm32f4xx_hal_msp.c ****   if(htim_oc->Instance==TIM3)
 771              		.loc 1 284 0
 772              		.cfi_startproc
 773              		@ args = 0, pretend = 0, frame = 0
 774              		@ frame_needed = 0, uses_anonymous_args = 0
 775              	.LVL41:
 776 0000 08B5     		push	{r3, lr}
 777              	.LCFI20:
 778              		.cfi_def_cfa_offset 8
 779              		.cfi_offset 3, -8
 780              		.cfi_offset 14, -4
 285:Core/Src/stm32f4xx_hal_msp.c ****   {
 781              		.loc 1 285 0
 782 0002 0268     		ldr	r2, [r0]
 783 0004 064B     		ldr	r3, .L60
 784 0006 9A42     		cmp	r2, r3
 785 0008 00D0     		beq	.L59
 786              	.LVL42:
 787              	.L56:
 300:Core/Src/stm32f4xx_hal_msp.c **** 
 788              		.loc 1 300 0
 789 000a 08BD     		pop	{r3, pc}
 790              	.LVL43:
 791              	.L59:
 291:Core/Src/stm32f4xx_hal_msp.c **** 
 792              		.loc 1 291 0
 793 000c 054A     		ldr	r2, .L60+4
 794 000e 136C     		ldr	r3, [r2, #64]
 795 0010 23F00203 		bic	r3, r3, #2
 796 0014 1364     		str	r3, [r2, #64]
 294:Core/Src/stm32f4xx_hal_msp.c ****   /* USER CODE BEGIN TIM3_MspDeInit 1 */
 797              		.loc 1 294 0
 798 0016 1D20     		movs	r0, #29
 799              	.LVL44:
 800 0018 FFF7FEFF 		bl	HAL_NVIC_DisableIRQ
 801              	.LVL45:
 300:Core/Src/stm32f4xx_hal_msp.c **** 
 802              		.loc 1 300 0
 803 001c F5E7     		b	.L56
 804              	.L61:
 805 001e 00BF     		.align	2
 806              	.L60:
 807 0020 00040040 		.word	1073742848
 808 0024 00380240 		.word	1073887232
 809              		.cfi_endproc
 810              	.LFE136:
ARM GAS  /tmp/ccf0eNpi.s 			page 26


 812              		.section	.text.HAL_UART_MspInit,"ax",%progbits
 813              		.align	1
 814              		.global	HAL_UART_MspInit
 815              		.syntax unified
 816              		.thumb
 817              		.thumb_func
 818              		.fpu fpv4-sp-d16
 820              	HAL_UART_MspInit:
 821              	.LFB137:
 309:Core/Src/stm32f4xx_hal_msp.c ****   GPIO_InitTypeDef GPIO_InitStruct = {0};
 822              		.loc 1 309 0
 823              		.cfi_startproc
 824              		@ args = 0, pretend = 0, frame = 32
 825              		@ frame_needed = 0, uses_anonymous_args = 0
 826              	.LVL46:
 827 0000 30B5     		push	{r4, r5, lr}
 828              	.LCFI21:
 829              		.cfi_def_cfa_offset 12
 830              		.cfi_offset 4, -12
 831              		.cfi_offset 5, -8
 832              		.cfi_offset 14, -4
 833 0002 89B0     		sub	sp, sp, #36
 834              	.LCFI22:
 835              		.cfi_def_cfa_offset 48
 310:Core/Src/stm32f4xx_hal_msp.c ****   if(huart->Instance==USART1)
 836              		.loc 1 310 0
 837 0004 0023     		movs	r3, #0
 838 0006 0393     		str	r3, [sp, #12]
 839 0008 0493     		str	r3, [sp, #16]
 840 000a 0593     		str	r3, [sp, #20]
 841 000c 0693     		str	r3, [sp, #24]
 842 000e 0793     		str	r3, [sp, #28]
 311:Core/Src/stm32f4xx_hal_msp.c ****   {
 843              		.loc 1 311 0
 844 0010 0268     		ldr	r2, [r0]
 845 0012 03F18043 		add	r3, r3, #1073741824
 846 0016 03F58833 		add	r3, r3, #69632
 847 001a 9A42     		cmp	r2, r3
 848 001c 01D0     		beq	.L67
 849              	.LVL47:
 850              	.L62:
 376:Core/Src/stm32f4xx_hal_msp.c **** 
 851              		.loc 1 376 0
 852 001e 09B0     		add	sp, sp, #36
 853              	.LCFI23:
 854              		.cfi_remember_state
 855              		.cfi_def_cfa_offset 12
 856              		@ sp needed
 857 0020 30BD     		pop	{r4, r5, pc}
 858              	.LVL48:
 859              	.L67:
 860              	.LCFI24:
 861              		.cfi_restore_state
 862 0022 0446     		mov	r4, r0
 863              	.LBB11:
 317:Core/Src/stm32f4xx_hal_msp.c **** 
 864              		.loc 1 317 0
ARM GAS  /tmp/ccf0eNpi.s 			page 27


 865 0024 0025     		movs	r5, #0
 866 0026 0195     		str	r5, [sp, #4]
 867 0028 03F59433 		add	r3, r3, #75776
 868 002c 5A6C     		ldr	r2, [r3, #68]
 869 002e 42F01002 		orr	r2, r2, #16
 870 0032 5A64     		str	r2, [r3, #68]
 871 0034 5A6C     		ldr	r2, [r3, #68]
 872 0036 02F01002 		and	r2, r2, #16
 873 003a 0192     		str	r2, [sp, #4]
 874 003c 019A     		ldr	r2, [sp, #4]
 875              	.LBE11:
 876              	.LBB12:
 319:Core/Src/stm32f4xx_hal_msp.c ****     /**USART1 GPIO Configuration
 877              		.loc 1 319 0
 878 003e 0295     		str	r5, [sp, #8]
 879 0040 1A6B     		ldr	r2, [r3, #48]
 880 0042 42F00102 		orr	r2, r2, #1
 881 0046 1A63     		str	r2, [r3, #48]
 882 0048 1B6B     		ldr	r3, [r3, #48]
 883 004a 03F00103 		and	r3, r3, #1
 884 004e 0293     		str	r3, [sp, #8]
 885 0050 029B     		ldr	r3, [sp, #8]
 886              	.LBE12:
 324:Core/Src/stm32f4xx_hal_msp.c ****     GPIO_InitStruct.Mode = GPIO_MODE_AF_PP;
 887              		.loc 1 324 0
 888 0052 4FF4C063 		mov	r3, #1536
 889 0056 0393     		str	r3, [sp, #12]
 325:Core/Src/stm32f4xx_hal_msp.c ****     GPIO_InitStruct.Pull = GPIO_NOPULL;
 890              		.loc 1 325 0
 891 0058 0223     		movs	r3, #2
 892 005a 0493     		str	r3, [sp, #16]
 327:Core/Src/stm32f4xx_hal_msp.c ****     GPIO_InitStruct.Alternate = GPIO_AF7_USART1;
 893              		.loc 1 327 0
 894 005c 0323     		movs	r3, #3
 895 005e 0693     		str	r3, [sp, #24]
 328:Core/Src/stm32f4xx_hal_msp.c ****     HAL_GPIO_Init(GPIOA, &GPIO_InitStruct);
 896              		.loc 1 328 0
 897 0060 0723     		movs	r3, #7
 898 0062 0793     		str	r3, [sp, #28]
 329:Core/Src/stm32f4xx_hal_msp.c **** 
 899              		.loc 1 329 0
 900 0064 03A9     		add	r1, sp, #12
 901 0066 2048     		ldr	r0, .L70
 902              	.LVL49:
 903 0068 FFF7FEFF 		bl	HAL_GPIO_Init
 904              	.LVL50:
 333:Core/Src/stm32f4xx_hal_msp.c ****     hdma_usart1_rx.Init.Channel = DMA_CHANNEL_4;
 905              		.loc 1 333 0
 906 006c 1F48     		ldr	r0, .L70+4
 907 006e 204B     		ldr	r3, .L70+8
 908 0070 0360     		str	r3, [r0]
 334:Core/Src/stm32f4xx_hal_msp.c ****     hdma_usart1_rx.Init.Direction = DMA_PERIPH_TO_MEMORY;
 909              		.loc 1 334 0
 910 0072 4FF00063 		mov	r3, #134217728
 911 0076 4360     		str	r3, [r0, #4]
 335:Core/Src/stm32f4xx_hal_msp.c ****     hdma_usart1_rx.Init.PeriphInc = DMA_PINC_DISABLE;
 912              		.loc 1 335 0
ARM GAS  /tmp/ccf0eNpi.s 			page 28


 913 0078 8560     		str	r5, [r0, #8]
 336:Core/Src/stm32f4xx_hal_msp.c ****     hdma_usart1_rx.Init.MemInc = DMA_MINC_ENABLE;
 914              		.loc 1 336 0
 915 007a C560     		str	r5, [r0, #12]
 337:Core/Src/stm32f4xx_hal_msp.c ****     hdma_usart1_rx.Init.PeriphDataAlignment = DMA_PDATAALIGN_BYTE;
 916              		.loc 1 337 0
 917 007c 4FF48063 		mov	r3, #1024
 918 0080 0361     		str	r3, [r0, #16]
 338:Core/Src/stm32f4xx_hal_msp.c ****     hdma_usart1_rx.Init.MemDataAlignment = DMA_MDATAALIGN_BYTE;
 919              		.loc 1 338 0
 920 0082 4561     		str	r5, [r0, #20]
 339:Core/Src/stm32f4xx_hal_msp.c ****     hdma_usart1_rx.Init.Mode = DMA_NORMAL;
 921              		.loc 1 339 0
 922 0084 8561     		str	r5, [r0, #24]
 340:Core/Src/stm32f4xx_hal_msp.c ****     hdma_usart1_rx.Init.Priority = DMA_PRIORITY_LOW;
 923              		.loc 1 340 0
 924 0086 C561     		str	r5, [r0, #28]
 341:Core/Src/stm32f4xx_hal_msp.c ****     hdma_usart1_rx.Init.FIFOMode = DMA_FIFOMODE_DISABLE;
 925              		.loc 1 341 0
 926 0088 0562     		str	r5, [r0, #32]
 342:Core/Src/stm32f4xx_hal_msp.c ****     if (HAL_DMA_Init(&hdma_usart1_rx) != HAL_OK)
 927              		.loc 1 342 0
 928 008a 4562     		str	r5, [r0, #36]
 343:Core/Src/stm32f4xx_hal_msp.c ****     {
 929              		.loc 1 343 0
 930 008c FFF7FEFF 		bl	HAL_DMA_Init
 931              	.LVL51:
 932 0090 18BB     		cbnz	r0, .L68
 933              	.L64:
 348:Core/Src/stm32f4xx_hal_msp.c **** 
 934              		.loc 1 348 0
 935 0092 164B     		ldr	r3, .L70+4
 936 0094 6363     		str	r3, [r4, #52]
 937 0096 9C63     		str	r4, [r3, #56]
 351:Core/Src/stm32f4xx_hal_msp.c ****     hdma_usart1_tx.Init.Channel = DMA_CHANNEL_4;
 938              		.loc 1 351 0
 939 0098 1648     		ldr	r0, .L70+12
 940 009a 174B     		ldr	r3, .L70+16
 941 009c 0360     		str	r3, [r0]
 352:Core/Src/stm32f4xx_hal_msp.c ****     hdma_usart1_tx.Init.Direction = DMA_MEMORY_TO_PERIPH;
 942              		.loc 1 352 0
 943 009e 4FF00063 		mov	r3, #134217728
 944 00a2 4360     		str	r3, [r0, #4]
 353:Core/Src/stm32f4xx_hal_msp.c ****     hdma_usart1_tx.Init.PeriphInc = DMA_PINC_DISABLE;
 945              		.loc 1 353 0
 946 00a4 4023     		movs	r3, #64
 947 00a6 8360     		str	r3, [r0, #8]
 354:Core/Src/stm32f4xx_hal_msp.c ****     hdma_usart1_tx.Init.MemInc = DMA_MINC_ENABLE;
 948              		.loc 1 354 0
 949 00a8 0023     		movs	r3, #0
 950 00aa C360     		str	r3, [r0, #12]
 355:Core/Src/stm32f4xx_hal_msp.c ****     hdma_usart1_tx.Init.PeriphDataAlignment = DMA_PDATAALIGN_BYTE;
 951              		.loc 1 355 0
 952 00ac 4FF48062 		mov	r2, #1024
 953 00b0 0261     		str	r2, [r0, #16]
 356:Core/Src/stm32f4xx_hal_msp.c ****     hdma_usart1_tx.Init.MemDataAlignment = DMA_MDATAALIGN_BYTE;
 954              		.loc 1 356 0
ARM GAS  /tmp/ccf0eNpi.s 			page 29


 955 00b2 4361     		str	r3, [r0, #20]
 357:Core/Src/stm32f4xx_hal_msp.c ****     hdma_usart1_tx.Init.Mode = DMA_NORMAL;
 956              		.loc 1 357 0
 957 00b4 8361     		str	r3, [r0, #24]
 358:Core/Src/stm32f4xx_hal_msp.c ****     hdma_usart1_tx.Init.Priority = DMA_PRIORITY_LOW;
 958              		.loc 1 358 0
 959 00b6 C361     		str	r3, [r0, #28]
 359:Core/Src/stm32f4xx_hal_msp.c ****     hdma_usart1_tx.Init.FIFOMode = DMA_FIFOMODE_DISABLE;
 960              		.loc 1 359 0
 961 00b8 0362     		str	r3, [r0, #32]
 360:Core/Src/stm32f4xx_hal_msp.c ****     if (HAL_DMA_Init(&hdma_usart1_tx) != HAL_OK)
 962              		.loc 1 360 0
 963 00ba 4362     		str	r3, [r0, #36]
 361:Core/Src/stm32f4xx_hal_msp.c ****     {
 964              		.loc 1 361 0
 965 00bc FFF7FEFF 		bl	HAL_DMA_Init
 966              	.LVL52:
 967 00c0 70B9     		cbnz	r0, .L69
 968              	.L65:
 366:Core/Src/stm32f4xx_hal_msp.c **** 
 969              		.loc 1 366 0
 970 00c2 0C4B     		ldr	r3, .L70+12
 971 00c4 2363     		str	r3, [r4, #48]
 972 00c6 9C63     		str	r4, [r3, #56]
 369:Core/Src/stm32f4xx_hal_msp.c ****     HAL_NVIC_EnableIRQ(USART1_IRQn);
 973              		.loc 1 369 0
 974 00c8 0022     		movs	r2, #0
 975 00ca 1146     		mov	r1, r2
 976 00cc 2520     		movs	r0, #37
 977 00ce FFF7FEFF 		bl	HAL_NVIC_SetPriority
 978              	.LVL53:
 370:Core/Src/stm32f4xx_hal_msp.c ****   /* USER CODE BEGIN USART1_MspInit 1 */
 979              		.loc 1 370 0
 980 00d2 2520     		movs	r0, #37
 981 00d4 FFF7FEFF 		bl	HAL_NVIC_EnableIRQ
 982              	.LVL54:
 376:Core/Src/stm32f4xx_hal_msp.c **** 
 983              		.loc 1 376 0
 984 00d8 A1E7     		b	.L62
 985              	.L68:
 345:Core/Src/stm32f4xx_hal_msp.c ****     }
 986              		.loc 1 345 0
 987 00da FFF7FEFF 		bl	Error_Handler
 988              	.LVL55:
 989 00de D8E7     		b	.L64
 990              	.L69:
 363:Core/Src/stm32f4xx_hal_msp.c ****     }
 991              		.loc 1 363 0
 992 00e0 FFF7FEFF 		bl	Error_Handler
 993              	.LVL56:
 994 00e4 EDE7     		b	.L65
 995              	.L71:
 996 00e6 00BF     		.align	2
 997              	.L70:
 998 00e8 00000240 		.word	1073872896
 999 00ec 00000000 		.word	hdma_usart1_rx
 1000 00f0 40640240 		.word	1073898560
ARM GAS  /tmp/ccf0eNpi.s 			page 30


 1001 00f4 00000000 		.word	hdma_usart1_tx
 1002 00f8 B8640240 		.word	1073898680
 1003              		.cfi_endproc
 1004              	.LFE137:
 1006              		.section	.text.HAL_UART_MspDeInit,"ax",%progbits
 1007              		.align	1
 1008              		.global	HAL_UART_MspDeInit
 1009              		.syntax unified
 1010              		.thumb
 1011              		.thumb_func
 1012              		.fpu fpv4-sp-d16
 1014              	HAL_UART_MspDeInit:
 1015              	.LFB138:
 385:Core/Src/stm32f4xx_hal_msp.c ****   if(huart->Instance==USART1)
 1016              		.loc 1 385 0
 1017              		.cfi_startproc
 1018              		@ args = 0, pretend = 0, frame = 0
 1019              		@ frame_needed = 0, uses_anonymous_args = 0
 1020              	.LVL57:
 386:Core/Src/stm32f4xx_hal_msp.c ****   {
 1021              		.loc 1 386 0
 1022 0000 0268     		ldr	r2, [r0]
 1023 0002 0D4B     		ldr	r3, .L79
 1024 0004 9A42     		cmp	r2, r3
 1025 0006 00D0     		beq	.L78
 1026 0008 7047     		bx	lr
 1027              	.L78:
 385:Core/Src/stm32f4xx_hal_msp.c ****   if(huart->Instance==USART1)
 1028              		.loc 1 385 0
 1029 000a 10B5     		push	{r4, lr}
 1030              	.LCFI25:
 1031              		.cfi_def_cfa_offset 8
 1032              		.cfi_offset 4, -8
 1033              		.cfi_offset 14, -4
 1034 000c 0446     		mov	r4, r0
 392:Core/Src/stm32f4xx_hal_msp.c **** 
 1035              		.loc 1 392 0
 1036 000e 0B4A     		ldr	r2, .L79+4
 1037 0010 536C     		ldr	r3, [r2, #68]
 1038 0012 23F01003 		bic	r3, r3, #16
 1039 0016 5364     		str	r3, [r2, #68]
 398:Core/Src/stm32f4xx_hal_msp.c **** 
 1040              		.loc 1 398 0
 1041 0018 4FF4C061 		mov	r1, #1536
 1042 001c 0848     		ldr	r0, .L79+8
 1043              	.LVL58:
 1044 001e FFF7FEFF 		bl	HAL_GPIO_DeInit
 1045              	.LVL59:
 401:Core/Src/stm32f4xx_hal_msp.c ****     HAL_DMA_DeInit(huart->hdmatx);
 1046              		.loc 1 401 0
 1047 0022 606B     		ldr	r0, [r4, #52]
 1048 0024 FFF7FEFF 		bl	HAL_DMA_DeInit
 1049              	.LVL60:
 402:Core/Src/stm32f4xx_hal_msp.c **** 
 1050              		.loc 1 402 0
 1051 0028 206B     		ldr	r0, [r4, #48]
 1052 002a FFF7FEFF 		bl	HAL_DMA_DeInit
ARM GAS  /tmp/ccf0eNpi.s 			page 31


 1053              	.LVL61:
 405:Core/Src/stm32f4xx_hal_msp.c ****   /* USER CODE BEGIN USART1_MspDeInit 1 */
 1054              		.loc 1 405 0
 1055 002e 2520     		movs	r0, #37
 1056 0030 FFF7FEFF 		bl	HAL_NVIC_DisableIRQ
 1057              	.LVL62:
 411:Core/Src/stm32f4xx_hal_msp.c **** 
 1058              		.loc 1 411 0
 1059 0034 10BD     		pop	{r4, pc}
 1060              	.LVL63:
 1061              	.L80:
 1062 0036 00BF     		.align	2
 1063              	.L79:
 1064 0038 00100140 		.word	1073811456
 1065 003c 00380240 		.word	1073887232
 1066 0040 00000240 		.word	1073872896
 1067              		.cfi_endproc
 1068              	.LFE138:
 1070              		.section	.text.HAL_SRAM_MspInit,"ax",%progbits
 1071              		.align	1
 1072              		.global	HAL_SRAM_MspInit
 1073              		.syntax unified
 1074              		.thumb
 1075              		.thumb_func
 1076              		.fpu fpv4-sp-d16
 1078              	HAL_SRAM_MspInit:
 1079              	.LFB140:
 475:Core/Src/stm32f4xx_hal_msp.c ****   /* USER CODE BEGIN SRAM_MspInit 0 */
 1080              		.loc 1 475 0
 1081              		.cfi_startproc
 1082              		@ args = 0, pretend = 0, frame = 0
 1083              		@ frame_needed = 0, uses_anonymous_args = 0
 1084              	.LVL64:
 1085 0000 08B5     		push	{r3, lr}
 1086              	.LCFI26:
 1087              		.cfi_def_cfa_offset 8
 1088              		.cfi_offset 3, -8
 1089              		.cfi_offset 14, -4
 479:Core/Src/stm32f4xx_hal_msp.c ****   /* USER CODE BEGIN SRAM_MspInit 1 */
 1090              		.loc 1 479 0
 1091 0002 FFF7FEFF 		bl	HAL_FSMC_MspInit
 1092              	.LVL65:
 483:Core/Src/stm32f4xx_hal_msp.c **** 
 1093              		.loc 1 483 0
 1094 0006 08BD     		pop	{r3, pc}
 1095              		.cfi_endproc
 1096              	.LFE140:
 1098              		.section	.text.HAL_SRAM_MspDeInit,"ax",%progbits
 1099              		.align	1
 1100              		.global	HAL_SRAM_MspDeInit
 1101              		.syntax unified
 1102              		.thumb
 1103              		.thumb_func
 1104              		.fpu fpv4-sp-d16
 1106              	HAL_SRAM_MspDeInit:
 1107              	.LFB142:
 523:Core/Src/stm32f4xx_hal_msp.c **** 
ARM GAS  /tmp/ccf0eNpi.s 			page 32


 524:Core/Src/stm32f4xx_hal_msp.c **** void HAL_SRAM_MspDeInit(SRAM_HandleTypeDef* hsram){
 1108              		.loc 1 524 0
 1109              		.cfi_startproc
 1110              		@ args = 0, pretend = 0, frame = 0
 1111              		@ frame_needed = 0, uses_anonymous_args = 0
 1112              	.LVL66:
 1113 0000 08B5     		push	{r3, lr}
 1114              	.LCFI27:
 1115              		.cfi_def_cfa_offset 8
 1116              		.cfi_offset 3, -8
 1117              		.cfi_offset 14, -4
 525:Core/Src/stm32f4xx_hal_msp.c ****   /* USER CODE BEGIN SRAM_MspDeInit 0 */
 526:Core/Src/stm32f4xx_hal_msp.c **** 
 527:Core/Src/stm32f4xx_hal_msp.c ****   /* USER CODE END SRAM_MspDeInit 0 */
 528:Core/Src/stm32f4xx_hal_msp.c ****   HAL_FSMC_MspDeInit();
 1118              		.loc 1 528 0
 1119 0002 FFF7FEFF 		bl	HAL_FSMC_MspDeInit
 1120              	.LVL67:
 529:Core/Src/stm32f4xx_hal_msp.c ****   /* USER CODE BEGIN SRAM_MspDeInit 1 */
 530:Core/Src/stm32f4xx_hal_msp.c **** 
 531:Core/Src/stm32f4xx_hal_msp.c ****   /* USER CODE END SRAM_MspDeInit 1 */
 532:Core/Src/stm32f4xx_hal_msp.c **** }
 1121              		.loc 1 532 0
 1122 0006 08BD     		pop	{r3, pc}
 1123              		.cfi_endproc
 1124              	.LFE142:
 1126              		.section	.bss.FSMC_DeInitialized,"aw",%nobits
 1127              		.align	2
 1128              		.set	.LANCHOR1,. + 0
 1131              	FSMC_DeInitialized:
 1132 0000 00000000 		.space	4
 1133              		.section	.bss.FSMC_Initialized,"aw",%nobits
 1134              		.align	2
 1135              		.set	.LANCHOR0,. + 0
 1138              	FSMC_Initialized:
 1139 0000 00000000 		.space	4
 1140              		.text
 1141              	.Letext0:
 1142              		.file 2 "/usr/include/newlib/machine/_default_types.h"
 1143              		.file 3 "/usr/include/newlib/sys/_stdint.h"
 1144              		.file 4 "Drivers/CMSIS/Include/core_cm4.h"
 1145              		.file 5 "Drivers/CMSIS/Device/ST/STM32F4xx/Include/system_stm32f4xx.h"
 1146              		.file 6 "Drivers/CMSIS/Device/ST/STM32F4xx/Include/stm32f412rx.h"
 1147              		.file 7 "Drivers/CMSIS/Device/ST/STM32F4xx/Include/stm32f4xx.h"
 1148              		.file 8 "Drivers/STM32F4xx_HAL_Driver/Inc/stm32f4xx_hal_def.h"
 1149              		.file 9 "Drivers/STM32F4xx_HAL_Driver/Inc/stm32f4xx_hal_gpio.h"
 1150              		.file 10 "Drivers/STM32F4xx_HAL_Driver/Inc/stm32f4xx_hal_dma.h"
 1151              		.file 11 "Drivers/STM32F4xx_HAL_Driver/Inc/stm32f4xx_hal_adc.h"
 1152              		.file 12 "Drivers/STM32F4xx_HAL_Driver/Inc/stm32f4xx_ll_fsmc.h"
 1153              		.file 13 "Drivers/STM32F4xx_HAL_Driver/Inc/stm32f4xx_hal_sram.h"
 1154              		.file 14 "Drivers/STM32F4xx_HAL_Driver/Inc/stm32f4xx_hal_i2c.h"
 1155              		.file 15 "Drivers/STM32F4xx_HAL_Driver/Inc/stm32f4xx_hal_tim.h"
 1156              		.file 16 "Drivers/STM32F4xx_HAL_Driver/Inc/stm32f4xx_hal_uart.h"
 1157              		.file 17 "Drivers/STM32F4xx_HAL_Driver/Inc/stm32f4xx_hal.h"
 1158              		.file 18 "Drivers/STM32F4xx_HAL_Driver/Inc/stm32f4xx_hal_cortex.h"
 1159              		.file 19 "Core/Inc/main.h"
ARM GAS  /tmp/ccf0eNpi.s 			page 33


DEFINED SYMBOLS
                            *ABS*:0000000000000000 stm32f4xx_hal_msp.c
     /tmp/ccf0eNpi.s:18     .text.HAL_FSMC_MspInit:0000000000000000 $t
     /tmp/ccf0eNpi.s:24     .text.HAL_FSMC_MspInit:0000000000000000 HAL_FSMC_MspInit
     /tmp/ccf0eNpi.s:153    .text.HAL_FSMC_MspInit:00000000000000ac $d
     /tmp/ccf0eNpi.s:162    .text.HAL_FSMC_MspDeInit:0000000000000000 $t
     /tmp/ccf0eNpi.s:168    .text.HAL_FSMC_MspDeInit:0000000000000000 HAL_FSMC_MspDeInit
     /tmp/ccf0eNpi.s:215    .text.HAL_FSMC_MspDeInit:0000000000000038 $d
     /tmp/ccf0eNpi.s:224    .text.HAL_MspInit:0000000000000000 $t
     /tmp/ccf0eNpi.s:231    .text.HAL_MspInit:0000000000000000 HAL_MspInit
     /tmp/ccf0eNpi.s:274    .text.HAL_MspInit:0000000000000034 $d
     /tmp/ccf0eNpi.s:279    .text.HAL_ADC_MspInit:0000000000000000 $t
     /tmp/ccf0eNpi.s:286    .text.HAL_ADC_MspInit:0000000000000000 HAL_ADC_MspInit
     /tmp/ccf0eNpi.s:409    .text.HAL_ADC_MspInit:000000000000009c $d
     /tmp/ccf0eNpi.s:416    .text.HAL_ADC_MspDeInit:0000000000000000 $t
     /tmp/ccf0eNpi.s:423    .text.HAL_ADC_MspDeInit:0000000000000000 HAL_ADC_MspDeInit
     /tmp/ccf0eNpi.s:465    .text.HAL_ADC_MspDeInit:0000000000000028 $d
     /tmp/ccf0eNpi.s:472    .text.HAL_I2C_MspInit:0000000000000000 $t
     /tmp/ccf0eNpi.s:479    .text.HAL_I2C_MspInit:0000000000000000 HAL_I2C_MspInit
     /tmp/ccf0eNpi.s:621    .text.HAL_I2C_MspInit:00000000000000c4 $d
     /tmp/ccf0eNpi.s:629    .text.HAL_I2C_MspDeInit:0000000000000000 $t
     /tmp/ccf0eNpi.s:636    .text.HAL_I2C_MspDeInit:0000000000000000 HAL_I2C_MspDeInit
     /tmp/ccf0eNpi.s:688    .text.HAL_I2C_MspDeInit:0000000000000038 $d
     /tmp/ccf0eNpi.s:696    .text.HAL_TIM_OC_MspInit:0000000000000000 $t
     /tmp/ccf0eNpi.s:703    .text.HAL_TIM_OC_MspInit:0000000000000000 HAL_TIM_OC_MspInit
     /tmp/ccf0eNpi.s:757    .text.HAL_TIM_OC_MspInit:000000000000003c $d
     /tmp/ccf0eNpi.s:762    .text.HAL_TIM_OC_MspDeInit:0000000000000000 $t
     /tmp/ccf0eNpi.s:769    .text.HAL_TIM_OC_MspDeInit:0000000000000000 HAL_TIM_OC_MspDeInit
     /tmp/ccf0eNpi.s:807    .text.HAL_TIM_OC_MspDeInit:0000000000000020 $d
     /tmp/ccf0eNpi.s:813    .text.HAL_UART_MspInit:0000000000000000 $t
     /tmp/ccf0eNpi.s:820    .text.HAL_UART_MspInit:0000000000000000 HAL_UART_MspInit
     /tmp/ccf0eNpi.s:998    .text.HAL_UART_MspInit:00000000000000e8 $d
     /tmp/ccf0eNpi.s:1007   .text.HAL_UART_MspDeInit:0000000000000000 $t
     /tmp/ccf0eNpi.s:1014   .text.HAL_UART_MspDeInit:0000000000000000 HAL_UART_MspDeInit
     /tmp/ccf0eNpi.s:1064   .text.HAL_UART_MspDeInit:0000000000000038 $d
     /tmp/ccf0eNpi.s:1071   .text.HAL_SRAM_MspInit:0000000000000000 $t
     /tmp/ccf0eNpi.s:1078   .text.HAL_SRAM_MspInit:0000000000000000 HAL_SRAM_MspInit
     /tmp/ccf0eNpi.s:1099   .text.HAL_SRAM_MspDeInit:0000000000000000 $t
     /tmp/ccf0eNpi.s:1106   .text.HAL_SRAM_MspDeInit:0000000000000000 HAL_SRAM_MspDeInit
     /tmp/ccf0eNpi.s:1127   .bss.FSMC_DeInitialized:0000000000000000 $d
     /tmp/ccf0eNpi.s:1131   .bss.FSMC_DeInitialized:0000000000000000 FSMC_DeInitialized
     /tmp/ccf0eNpi.s:1134   .bss.FSMC_Initialized:0000000000000000 $d
     /tmp/ccf0eNpi.s:1138   .bss.FSMC_Initialized:0000000000000000 FSMC_Initialized

UNDEFINED SYMBOLS
HAL_GPIO_Init
HAL_GPIO_DeInit
HAL_DMA_Init
Error_Handler
hdma_adc1
HAL_DMA_DeInit
HAL_NVIC_SetPriority
HAL_NVIC_EnableIRQ
HAL_NVIC_DisableIRQ
hdma_usart1_rx
hdma_usart1_tx
